{"C:\\Users\\79876\\OneDrive\\Рабочий стол\\Neoflex\\neo2\\Bank\\src\\jest.d.ts": {"path":"C:\\Users\\79876\\OneDrive\\Рабочий стол\\Neoflex\\neo2\\Bank\\src\\jest.d.ts","statementMap":{},"fnMap":{},"branchMap":{},"s":{},"f":{},"b":{}}
,"C:\\Users\\79876\\OneDrive\\Рабочий стол\\Neoflex\\neo2\\Bank\\src\\vite-env.d.ts": {"path":"C:\\Users\\79876\\OneDrive\\Рабочий стол\\Neoflex\\neo2\\Bank\\src\\vite-env.d.ts","statementMap":{},"fnMap":{},"branchMap":{},"s":{},"f":{},"b":{}}
,"C:\\Users\\79876\\OneDrive\\Рабочий стол\\Neoflex\\neo2\\Bank\\src\\app\\components\\Footer\\Footer.tsx": {"path":"C:\\Users\\79876\\OneDrive\\Рабочий стол\\Neoflex\\neo2\\Bank\\src\\app\\components\\Footer\\Footer.tsx","statementMap":{"0":{"start":{"line":4,"column":17},"end":{"line":15,"column":1}},"1":{"start":{"line":17,"column":22},"end":{"line":43,"column":1}},"2":{"start":{"line":18,"column":2},"end":{"line":42,"column":4}},"3":{"start":{"line":31,"column":14},"end":{"line":31,"column":70}}},"fnMap":{"0":{"name":"(anonymous_0)","decl":{"start":{"line":17,"column":22},"end":{"line":17,"column":23}},"loc":{"start":{"line":17,"column":28},"end":{"line":43,"column":1}},"line":17},"1":{"name":"(anonymous_1)","decl":{"start":{"line":30,"column":26},"end":{"line":30,"column":27}},"loc":{"start":{"line":31,"column":14},"end":{"line":31,"column":70}},"line":31}},"branchMap":{},"s":{"0":0,"1":0,"2":0,"3":0},"f":{"0":0,"1":0},"b":{}}
,"C:\\Users\\79876\\OneDrive\\Рабочий стол\\Neoflex\\neo2\\Bank\\src\\app\\components\\Header\\Header.tsx": {"path":"C:\\Users\\79876\\OneDrive\\Рабочий стол\\Neoflex\\neo2\\Bank\\src\\app\\components\\Header\\Header.tsx","statementMap":{"0":{"start":{"line":12,"column":22},"end":{"line":17,"column":1}},"1":{"start":{"line":19,"column":22},"end":{"line":62,"column":1}},"2":{"start":{"line":20,"column":38},"end":{"line":20,"column":53}},"3":{"start":{"line":22,"column":21},"end":{"line":24,"column":3}},"4":{"start":{"line":23,"column":4},"end":{"line":23,"column":35}},"5":{"start":{"line":23,"column":28},"end":{"line":23,"column":33}},"6":{"start":{"line":26,"column":20},"end":{"line":28,"column":3}},"7":{"start":{"line":27,"column":4},"end":{"line":27,"column":25}},"8":{"start":{"line":29,"column":2},"end":{"line":61,"column":3}},"9":{"start":{"line":35,"column":12},"end":{"line":47,"column":17}},"10":{"start":{"line":38,"column":18},"end":{"line":40,"column":36}}},"fnMap":{"0":{"name":"(anonymous_0)","decl":{"start":{"line":19,"column":22},"end":{"line":19,"column":23}},"loc":{"start":{"line":19,"column":28},"end":{"line":62,"column":1}},"line":19},"1":{"name":"(anonymous_1)","decl":{"start":{"line":22,"column":21},"end":{"line":22,"column":22}},"loc":{"start":{"line":22,"column":27},"end":{"line":24,"column":3}},"line":22},"2":{"name":"(anonymous_2)","decl":{"start":{"line":23,"column":18},"end":{"line":23,"column":19}},"loc":{"start":{"line":23,"column":28},"end":{"line":23,"column":33}},"line":23},"3":{"name":"(anonymous_3)","decl":{"start":{"line":26,"column":20},"end":{"line":26,"column":21}},"loc":{"start":{"line":26,"column":26},"end":{"line":28,"column":3}},"line":26},"4":{"name":"(anonymous_4)","decl":{"start":{"line":34,"column":20},"end":{"line":34,"column":21}},"loc":{"start":{"line":35,"column":12},"end":{"line":47,"column":17}},"line":35},"5":{"name":"(anonymous_5)","decl":{"start":{"line":37,"column":27},"end":{"line":37,"column":28}},"loc":{"start":{"line":38,"column":18},"end":{"line":40,"column":36}},"line":38}},"branchMap":{"0":{"loc":{"start":{"line":33,"column":39},"end":{"line":33,"column":77}},"type":"cond-expr","locations":[{"start":{"line":33,"column":52},"end":{"line":33,"column":72}},{"start":{"line":33,"column":75},"end":{"line":33,"column":77}}],"line":33},"1":{"loc":{"start":{"line":38,"column":18},"end":{"line":40,"column":36}},"type":"cond-expr","locations":[{"start":{"line":39,"column":22},"end":{"line":39,"column":57}},{"start":{"line":40,"column":22},"end":{"line":40,"column":36}}],"line":38},"2":{"loc":{"start":{"line":52,"column":31},"end":{"line":52,"column":63}},"type":"cond-expr","locations":[{"start":{"line":52,"column":44},"end":{"line":52,"column":58}},{"start":{"line":52,"column":61},"end":{"line":52,"column":63}}],"line":52}},"s":{"0":0,"1":0,"2":0,"3":0,"4":0,"5":0,"6":0,"7":0,"8":0,"9":0,"10":0},"f":{"0":0,"1":0,"2":0,"3":0,"4":0,"5":0},"b":{"0":[0,0],"1":[0,0],"2":[0,0]}}
,"C:\\Users\\79876\\OneDrive\\Рабочий стол\\Neoflex\\neo2\\Bank\\src\\app\\entities\\Loan\\model\\selectors\\getCodeSelectors\\getCodeSelectors.ts": {"path":"C:\\Users\\79876\\OneDrive\\Рабочий стол\\Neoflex\\neo2\\Bank\\src\\app\\entities\\Loan\\model\\selectors\\getCodeSelectors\\getCodeSelectors.ts","statementMap":{"0":{"start":{"line":3,"column":23},"end":{"line":3,"column":58}},"1":{"start":{"line":3,"column":48},"end":{"line":3,"column":58}},"2":{"start":{"line":4,"column":28},"end":{"line":4,"column":69}},"3":{"start":{"line":4,"column":53},"end":{"line":4,"column":69}},"4":{"start":{"line":5,"column":32},"end":{"line":5,"column":77}},"5":{"start":{"line":5,"column":57},"end":{"line":5,"column":77}}},"fnMap":{"0":{"name":"(anonymous_0)","decl":{"start":{"line":3,"column":23},"end":{"line":3,"column":24}},"loc":{"start":{"line":3,"column":48},"end":{"line":3,"column":58}},"line":3},"1":{"name":"(anonymous_1)","decl":{"start":{"line":4,"column":28},"end":{"line":4,"column":29}},"loc":{"start":{"line":4,"column":53},"end":{"line":4,"column":69}},"line":4},"2":{"name":"(anonymous_2)","decl":{"start":{"line":5,"column":32},"end":{"line":5,"column":33}},"loc":{"start":{"line":5,"column":57},"end":{"line":5,"column":77}},"line":5}},"branchMap":{},"s":{"0":11,"1":1,"2":11,"3":1,"4":11,"5":1},"f":{"0":1,"1":1,"2":1},"b":{},"_coverageSchema":"1a1c01bbd47fc00a2c39e90264f33305004495a9","hash":"4ec8b2befd92d1dae9e9c9ae11d3efa26550f0b8"}
,"C:\\Users\\79876\\OneDrive\\Рабочий стол\\Neoflex\\neo2\\Bank\\src\\app\\entities\\Loan\\model\\selectors\\getDenySelectors\\getDenySelectors.ts": {"path":"C:\\Users\\79876\\OneDrive\\Рабочий стол\\Neoflex\\neo2\\Bank\\src\\app\\entities\\Loan\\model\\selectors\\getDenySelectors\\getDenySelectors.ts","statementMap":{"0":{"start":{"line":3,"column":23},"end":{"line":3,"column":58}},"1":{"start":{"line":3,"column":48},"end":{"line":3,"column":58}},"2":{"start":{"line":4,"column":28},"end":{"line":4,"column":69}},"3":{"start":{"line":4,"column":53},"end":{"line":4,"column":69}},"4":{"start":{"line":5,"column":32},"end":{"line":5,"column":77}},"5":{"start":{"line":5,"column":57},"end":{"line":5,"column":77}}},"fnMap":{"0":{"name":"(anonymous_0)","decl":{"start":{"line":3,"column":23},"end":{"line":3,"column":24}},"loc":{"start":{"line":3,"column":48},"end":{"line":3,"column":58}},"line":3},"1":{"name":"(anonymous_1)","decl":{"start":{"line":4,"column":28},"end":{"line":4,"column":29}},"loc":{"start":{"line":4,"column":53},"end":{"line":4,"column":69}},"line":4},"2":{"name":"(anonymous_2)","decl":{"start":{"line":5,"column":32},"end":{"line":5,"column":33}},"loc":{"start":{"line":5,"column":57},"end":{"line":5,"column":77}},"line":5}},"branchMap":{},"s":{"0":11,"1":1,"2":11,"3":1,"4":11,"5":1},"f":{"0":1,"1":1,"2":1},"b":{},"_coverageSchema":"1a1c01bbd47fc00a2c39e90264f33305004495a9","hash":"58fb1fb9db75b4c388d41f70246386112b53fe85"}
,"C:\\Users\\79876\\OneDrive\\Рабочий стол\\Neoflex\\neo2\\Bank\\src\\app\\entities\\Loan\\model\\selectors\\getDocumentsSelectors\\getDocumentsSelectors.ts": {"path":"C:\\Users\\79876\\OneDrive\\Рабочий стол\\Neoflex\\neo2\\Bank\\src\\app\\entities\\Loan\\model\\selectors\\getDocumentsSelectors\\getDocumentsSelectors.ts","statementMap":{"0":{"start":{"line":3,"column":28},"end":{"line":3,"column":68}},"1":{"start":{"line":3,"column":53},"end":{"line":3,"column":68}},"2":{"start":{"line":4,"column":33},"end":{"line":4,"column":79}},"3":{"start":{"line":4,"column":58},"end":{"line":4,"column":79}},"4":{"start":{"line":5,"column":37},"end":{"line":6,"column":27}},"5":{"start":{"line":6,"column":2},"end":{"line":6,"column":27}}},"fnMap":{"0":{"name":"(anonymous_0)","decl":{"start":{"line":3,"column":28},"end":{"line":3,"column":29}},"loc":{"start":{"line":3,"column":53},"end":{"line":3,"column":68}},"line":3},"1":{"name":"(anonymous_1)","decl":{"start":{"line":4,"column":33},"end":{"line":4,"column":34}},"loc":{"start":{"line":4,"column":58},"end":{"line":4,"column":79}},"line":4},"2":{"name":"(anonymous_2)","decl":{"start":{"line":5,"column":37},"end":{"line":5,"column":38}},"loc":{"start":{"line":6,"column":2},"end":{"line":6,"column":27}},"line":6}},"branchMap":{},"s":{"0":11,"1":1,"2":11,"3":1,"4":11,"5":1},"f":{"0":1,"1":1,"2":1},"b":{},"_coverageSchema":"1a1c01bbd47fc00a2c39e90264f33305004495a9","hash":"348231f7389460ea8e2bf97182f7027bf069b73c"}
,"C:\\Users\\79876\\OneDrive\\Рабочий стол\\Neoflex\\neo2\\Bank\\src\\app\\entities\\Loan\\model\\selectors\\getLoanStatusSelectors\\getLoanStatusSelectors.ts": {"path":"C:\\Users\\79876\\OneDrive\\Рабочий стол\\Neoflex\\neo2\\Bank\\src\\app\\entities\\Loan\\model\\selectors\\getLoanStatusSelectors\\getLoanStatusSelectors.ts","statementMap":{"0":{"start":{"line":3,"column":29},"end":{"line":3,"column":71}},"1":{"start":{"line":3,"column":54},"end":{"line":3,"column":71}},"2":{"start":{"line":5,"column":33},"end":{"line":6,"column":30}},"3":{"start":{"line":6,"column":2},"end":{"line":6,"column":30}},"4":{"start":{"line":8,"column":42},"end":{"line":9,"column":34}},"5":{"start":{"line":9,"column":2},"end":{"line":9,"column":34}}},"fnMap":{"0":{"name":"(anonymous_0)","decl":{"start":{"line":3,"column":29},"end":{"line":3,"column":30}},"loc":{"start":{"line":3,"column":54},"end":{"line":3,"column":71}},"line":3},"1":{"name":"(anonymous_1)","decl":{"start":{"line":5,"column":33},"end":{"line":5,"column":34}},"loc":{"start":{"line":6,"column":2},"end":{"line":6,"column":30}},"line":6},"2":{"name":"(anonymous_2)","decl":{"start":{"line":8,"column":42},"end":{"line":8,"column":43}},"loc":{"start":{"line":9,"column":2},"end":{"line":9,"column":34}},"line":9}},"branchMap":{"0":{"loc":{"start":{"line":6,"column":2},"end":{"line":6,"column":30}},"type":"binary-expr","locations":[{"start":{"line":6,"column":2},"end":{"line":6,"column":25}},{"start":{"line":6,"column":29},"end":{"line":6,"column":30}}],"line":6}},"s":{"0":11,"1":1,"2":11,"3":1,"4":11,"5":1},"f":{"0":1,"1":1,"2":1},"b":{"0":[1,0]},"_coverageSchema":"1a1c01bbd47fc00a2c39e90264f33305004495a9","hash":"33547882d56658c626ac1bcf2af929f09a4a74af"}
,"C:\\Users\\79876\\OneDrive\\Рабочий стол\\Neoflex\\neo2\\Bank\\src\\app\\entities\\Loan\\model\\selectors\\getOfferSelectors\\getOfferSelectors.ts": {"path":"C:\\Users\\79876\\OneDrive\\Рабочий стол\\Neoflex\\neo2\\Bank\\src\\app\\entities\\Loan\\model\\selectors\\getOfferSelectors\\getOfferSelectors.ts","statementMap":{"0":{"start":{"line":3,"column":24},"end":{"line":3,"column":60}},"1":{"start":{"line":3,"column":49},"end":{"line":3,"column":60}},"2":{"start":{"line":4,"column":28},"end":{"line":4,"column":69}},"3":{"start":{"line":4,"column":53},"end":{"line":4,"column":69}},"4":{"start":{"line":5,"column":29},"end":{"line":5,"column":71}},"5":{"start":{"line":5,"column":54},"end":{"line":5,"column":71}},"6":{"start":{"line":6,"column":33},"end":{"line":6,"column":79}},"7":{"start":{"line":6,"column":58},"end":{"line":6,"column":79}}},"fnMap":{"0":{"name":"(anonymous_0)","decl":{"start":{"line":3,"column":24},"end":{"line":3,"column":25}},"loc":{"start":{"line":3,"column":49},"end":{"line":3,"column":60}},"line":3},"1":{"name":"(anonymous_1)","decl":{"start":{"line":4,"column":28},"end":{"line":4,"column":29}},"loc":{"start":{"line":4,"column":53},"end":{"line":4,"column":69}},"line":4},"2":{"name":"(anonymous_2)","decl":{"start":{"line":5,"column":29},"end":{"line":5,"column":30}},"loc":{"start":{"line":5,"column":54},"end":{"line":5,"column":71}},"line":5},"3":{"name":"(anonymous_3)","decl":{"start":{"line":6,"column":33},"end":{"line":6,"column":34}},"loc":{"start":{"line":6,"column":58},"end":{"line":6,"column":79}},"line":6}},"branchMap":{},"s":{"0":11,"1":1,"2":11,"3":1,"4":11,"5":1,"6":11,"7":1},"f":{"0":1,"1":1,"2":1,"3":1},"b":{},"_coverageSchema":"1a1c01bbd47fc00a2c39e90264f33305004495a9","hash":"7193d17c3362b51ef9e464860822d8b1115face7"}
,"C:\\Users\\79876\\OneDrive\\Рабочий стол\\Neoflex\\neo2\\Bank\\src\\app\\entities\\Loan\\model\\services\\applyOffer\\applyOffer.ts": {"path":"C:\\Users\\79876\\OneDrive\\Рабочий стол\\Neoflex\\neo2\\Bank\\src\\app\\entities\\Loan\\model\\services\\applyOffer\\applyOffer.ts","statementMap":{"0":{"start":{"line":7,"column":26},"end":{"line":25,"column":2}},"1":{"start":{"line":12,"column":40},"end":{"line":12,"column":48}},"2":{"start":{"line":13,"column":2},"end":{"line":24,"column":3}},"3":{"start":{"line":14,"column":21},"end":{"line":14,"column":66}},"4":{"start":{"line":16,"column":4},"end":{"line":18,"column":5}},"5":{"start":{"line":17,"column":6},"end":{"line":17,"column":56}},"6":{"start":{"line":20,"column":4},"end":{"line":20,"column":42}},"7":{"start":{"line":21,"column":4},"end":{"line":21,"column":68}},"8":{"start":{"line":23,"column":4},"end":{"line":23,"column":43}}},"fnMap":{"0":{"name":"(anonymous_0)","decl":{"start":{"line":11,"column":22},"end":{"line":11,"column":23}},"loc":{"start":{"line":11,"column":48},"end":{"line":25,"column":1}},"line":11}},"branchMap":{"0":{"loc":{"start":{"line":16,"column":4},"end":{"line":18,"column":5}},"type":"if","locations":[{"start":{"line":16,"column":4},"end":{"line":18,"column":5}},{"start":{},"end":{}}],"line":16},"1":{"loc":{"start":{"line":16,"column":8},"end":{"line":16,"column":44}},"type":"binary-expr","locations":[{"start":{"line":16,"column":8},"end":{"line":16,"column":17}},{"start":{"line":16,"column":21},"end":{"line":16,"column":44}}],"line":16}},"s":{"0":11,"1":2,"2":2,"3":2,"4":2,"5":1,"6":1,"7":1,"8":1},"f":{"0":2},"b":{"0":[1,1],"1":[2,2]},"_coverageSchema":"1a1c01bbd47fc00a2c39e90264f33305004495a9","hash":"0eec890e7691e3b8ea8c7815c5f117aedd9cc6f4"}
,"C:\\Users\\79876\\OneDrive\\Рабочий стол\\Neoflex\\neo2\\Bank\\src\\app\\entities\\Loan\\model\\services\\createDocuments\\createDocuments.ts": {"path":"C:\\Users\\79876\\OneDrive\\Рабочий стол\\Neoflex\\neo2\\Bank\\src\\app\\entities\\Loan\\model\\services\\createDocuments\\createDocuments.ts","statementMap":{"0":{"start":{"line":6,"column":31},"end":{"line":22,"column":2}},"1":{"start":{"line":11,"column":40},"end":{"line":11,"column":48}},"2":{"start":{"line":13,"column":2},"end":{"line":21,"column":3}},"3":{"start":{"line":14,"column":21},"end":{"line":14,"column":68}},"4":{"start":{"line":16,"column":4},"end":{"line":16,"column":72}},"5":{"start":{"line":16,"column":33},"end":{"line":16,"column":72}},"6":{"start":{"line":18,"column":4},"end":{"line":18,"column":42}},"7":{"start":{"line":20,"column":4},"end":{"line":20,"column":43}}},"fnMap":{"0":{"name":"(anonymous_0)","decl":{"start":{"line":10,"column":31},"end":{"line":10,"column":32}},"loc":{"start":{"line":10,"column":66},"end":{"line":22,"column":1}},"line":10}},"branchMap":{"0":{"loc":{"start":{"line":16,"column":4},"end":{"line":16,"column":72}},"type":"if","locations":[{"start":{"line":16,"column":4},"end":{"line":16,"column":72}},{"start":{},"end":{}}],"line":16}},"s":{"0":10,"1":2,"2":2,"3":2,"4":2,"5":1,"6":1,"7":1},"f":{"0":2},"b":{"0":[1,1]},"_coverageSchema":"1a1c01bbd47fc00a2c39e90264f33305004495a9","hash":"34027bf37fe43390fd709feed61a200afb0d81ae"}
,"C:\\Users\\79876\\OneDrive\\Рабочий стол\\Neoflex\\neo2\\Bank\\src\\app\\entities\\Loan\\model\\services\\denyApplication\\denyApplication.ts": {"path":"C:\\Users\\79876\\OneDrive\\Рабочий стол\\Neoflex\\neo2\\Bank\\src\\app\\entities\\Loan\\model\\services\\denyApplication\\denyApplication.ts","statementMap":{"0":{"start":{"line":5,"column":31},"end":{"line":19,"column":2}},"1":{"start":{"line":10,"column":30},"end":{"line":10,"column":38}},"2":{"start":{"line":12,"column":2},"end":{"line":18,"column":3}},"3":{"start":{"line":13,"column":21},"end":{"line":13,"column":76}},"4":{"start":{"line":15,"column":4},"end":{"line":15,"column":72}},"5":{"start":{"line":15,"column":33},"end":{"line":15,"column":72}},"6":{"start":{"line":17,"column":4},"end":{"line":17,"column":43}}},"fnMap":{"0":{"name":"(anonymous_0)","decl":{"start":{"line":9,"column":26},"end":{"line":9,"column":27}},"loc":{"start":{"line":9,"column":61},"end":{"line":19,"column":1}},"line":9}},"branchMap":{"0":{"loc":{"start":{"line":15,"column":4},"end":{"line":15,"column":72}},"type":"if","locations":[{"start":{"line":15,"column":4},"end":{"line":15,"column":72}},{"start":{},"end":{}}],"line":15}},"s":{"0":11,"1":2,"2":2,"3":2,"4":2,"5":1,"6":1},"f":{"0":2},"b":{"0":[1,1]},"_coverageSchema":"1a1c01bbd47fc00a2c39e90264f33305004495a9","hash":"267ff85775ba85daa5a8b15569bdb4622348c6f6"}
,"C:\\Users\\79876\\OneDrive\\Рабочий стол\\Neoflex\\neo2\\Bank\\src\\app\\entities\\Loan\\model\\services\\sendSESCode\\sendSESCode.ts": {"path":"C:\\Users\\79876\\OneDrive\\Рабочий стол\\Neoflex\\neo2\\Bank\\src\\app\\entities\\Loan\\model\\services\\sendSESCode\\sendSESCode.ts","statementMap":{"0":{"start":{"line":5,"column":27},"end":{"line":22,"column":2}},"1":{"start":{"line":10,"column":40},"end":{"line":10,"column":48}},"2":{"start":{"line":12,"column":2},"end":{"line":21,"column":3}},"3":{"start":{"line":13,"column":21},"end":{"line":13,"column":85}},"4":{"start":{"line":15,"column":4},"end":{"line":15,"column":75}},"5":{"start":{"line":15,"column":31},"end":{"line":15,"column":75}},"6":{"start":{"line":17,"column":4},"end":{"line":17,"column":42}},"7":{"start":{"line":19,"column":4},"end":{"line":19,"column":18}},"8":{"start":{"line":20,"column":4},"end":{"line":20,"column":55}}},"fnMap":{"0":{"name":"(anonymous_0)","decl":{"start":{"line":9,"column":22},"end":{"line":9,"column":23}},"loc":{"start":{"line":9,"column":67},"end":{"line":22,"column":1}},"line":9}},"branchMap":{"0":{"loc":{"start":{"line":15,"column":4},"end":{"line":15,"column":75}},"type":"if","locations":[{"start":{"line":15,"column":4},"end":{"line":15,"column":75}},{"start":{},"end":{}}],"line":15}},"s":{"0":11,"1":2,"2":2,"3":2,"4":2,"5":1,"6":1,"7":1,"8":1},"f":{"0":2},"b":{"0":[1,1]},"_coverageSchema":"1a1c01bbd47fc00a2c39e90264f33305004495a9","hash":"51322b167c0cf73d477f8c8f7456c58d750402fe"}
,"C:\\Users\\79876\\OneDrive\\Рабочий стол\\Neoflex\\neo2\\Bank\\src\\app\\entities\\Loan\\model\\services\\signDocuments\\signDocuments.ts": {"path":"C:\\Users\\79876\\OneDrive\\Рабочий стол\\Neoflex\\neo2\\Bank\\src\\app\\entities\\Loan\\model\\services\\signDocuments\\signDocuments.ts","statementMap":{"0":{"start":{"line":6,"column":29},"end":{"line":21,"column":1}},"1":{"start":{"line":9,"column":42},"end":{"line":9,"column":50}},"2":{"start":{"line":11,"column":4},"end":{"line":19,"column":5}},"3":{"start":{"line":12,"column":23},"end":{"line":12,"column":75}},"4":{"start":{"line":14,"column":6},"end":{"line":14,"column":74}},"5":{"start":{"line":14,"column":35},"end":{"line":14,"column":74}},"6":{"start":{"line":16,"column":6},"end":{"line":16,"column":44}},"7":{"start":{"line":18,"column":6},"end":{"line":18,"column":45}}},"fnMap":{"0":{"name":"(anonymous_0)","decl":{"start":{"line":8,"column":2},"end":{"line":8,"column":3}},"loc":{"start":{"line":8,"column":37},"end":{"line":20,"column":3}},"line":8}},"branchMap":{"0":{"loc":{"start":{"line":14,"column":6},"end":{"line":14,"column":74}},"type":"if","locations":[{"start":{"line":14,"column":6},"end":{"line":14,"column":74}},{"start":{},"end":{}}],"line":14}},"s":{"0":11,"1":2,"2":2,"3":2,"4":2,"5":1,"6":1,"7":1},"f":{"0":2},"b":{"0":[1,1]},"_coverageSchema":"1a1c01bbd47fc00a2c39e90264f33305004495a9","hash":"ada04e7b44d2e3e9acf2a9b5c5967e98c03d085a"}
,"C:\\Users\\79876\\OneDrive\\Рабочий стол\\Neoflex\\neo2\\Bank\\src\\app\\entities\\Loan\\model\\slice\\codeSlice.ts": {"path":"C:\\Users\\79876\\OneDrive\\Рабочий стол\\Neoflex\\neo2\\Bank\\src\\app\\entities\\Loan\\model\\slice\\codeSlice.ts","statementMap":{"0":{"start":{"line":5,"column":34},"end":{"line":8,"column":1}},"1":{"start":{"line":10,"column":25},"end":{"line":31,"column":2}},"2":{"start":{"line":15,"column":6},"end":{"line":15,"column":29}},"3":{"start":{"line":19,"column":4},"end":{"line":22,"column":6}},"4":{"start":{"line":20,"column":6},"end":{"line":20,"column":29}},"5":{"start":{"line":21,"column":6},"end":{"line":21,"column":28}},"6":{"start":{"line":23,"column":4},"end":{"line":25,"column":6}},"7":{"start":{"line":24,"column":6},"end":{"line":24,"column":29}},"8":{"start":{"line":26,"column":4},"end":{"line":29,"column":6}},"9":{"start":{"line":27,"column":6},"end":{"line":27,"column":29}},"10":{"start":{"line":28,"column":6},"end":{"line":28,"column":34}},"11":{"start":{"line":33,"column":40},"end":{"line":33,"column":49}},"12":{"start":{"line":34,"column":40},"end":{"line":34,"column":49}}},"fnMap":{"0":{"name":"(anonymous_0)","decl":{"start":{"line":14,"column":16},"end":{"line":14,"column":17}},"loc":{"start":{"line":14,"column":27},"end":{"line":16,"column":5}},"line":14},"1":{"name":"(anonymous_1)","decl":{"start":{"line":18,"column":17},"end":{"line":18,"column":18}},"loc":{"start":{"line":18,"column":34},"end":{"line":30,"column":3}},"line":18},"2":{"name":"(anonymous_2)","decl":{"start":{"line":19,"column":33},"end":{"line":19,"column":34}},"loc":{"start":{"line":19,"column":44},"end":{"line":22,"column":5}},"line":19},"3":{"name":"(anonymous_3)","decl":{"start":{"line":23,"column":35},"end":{"line":23,"column":36}},"loc":{"start":{"line":23,"column":46},"end":{"line":25,"column":5}},"line":23},"4":{"name":"(anonymous_4)","decl":{"start":{"line":26,"column":34},"end":{"line":26,"column":35}},"loc":{"start":{"line":26,"column":53},"end":{"line":29,"column":5}},"line":26}},"branchMap":{},"s":{"0":10,"1":10,"2":0,"3":6,"4":0,"5":0,"6":6,"7":0,"8":6,"9":0,"10":0,"11":10,"12":10},"f":{"0":0,"1":6,"2":0,"3":0,"4":0},"b":{},"_coverageSchema":"1a1c01bbd47fc00a2c39e90264f33305004495a9","hash":"3003bcaa750aa51fe9f1ff88289372c279e47826"}
,"C:\\Users\\79876\\OneDrive\\Рабочий стол\\Neoflex\\neo2\\Bank\\src\\app\\entities\\Loan\\model\\slice\\denySlice.ts": {"path":"C:\\Users\\79876\\OneDrive\\Рабочий стол\\Neoflex\\neo2\\Bank\\src\\app\\entities\\Loan\\model\\slice\\denySlice.ts","statementMap":{"0":{"start":{"line":5,"column":34},"end":{"line":8,"column":1}},"1":{"start":{"line":10,"column":25},"end":{"line":31,"column":2}},"2":{"start":{"line":15,"column":6},"end":{"line":15,"column":29}},"3":{"start":{"line":19,"column":4},"end":{"line":22,"column":6}},"4":{"start":{"line":20,"column":6},"end":{"line":20,"column":29}},"5":{"start":{"line":21,"column":6},"end":{"line":21,"column":28}},"6":{"start":{"line":23,"column":4},"end":{"line":25,"column":6}},"7":{"start":{"line":24,"column":6},"end":{"line":24,"column":29}},"8":{"start":{"line":26,"column":4},"end":{"line":29,"column":6}},"9":{"start":{"line":27,"column":6},"end":{"line":27,"column":29}},"10":{"start":{"line":28,"column":6},"end":{"line":28,"column":34}},"11":{"start":{"line":33,"column":40},"end":{"line":33,"column":49}},"12":{"start":{"line":34,"column":40},"end":{"line":34,"column":49}}},"fnMap":{"0":{"name":"(anonymous_0)","decl":{"start":{"line":14,"column":16},"end":{"line":14,"column":17}},"loc":{"start":{"line":14,"column":27},"end":{"line":16,"column":5}},"line":14},"1":{"name":"(anonymous_1)","decl":{"start":{"line":18,"column":17},"end":{"line":18,"column":18}},"loc":{"start":{"line":18,"column":34},"end":{"line":30,"column":3}},"line":18},"2":{"name":"(anonymous_2)","decl":{"start":{"line":19,"column":37},"end":{"line":19,"column":38}},"loc":{"start":{"line":19,"column":48},"end":{"line":22,"column":5}},"line":19},"3":{"name":"(anonymous_3)","decl":{"start":{"line":23,"column":39},"end":{"line":23,"column":40}},"loc":{"start":{"line":23,"column":50},"end":{"line":25,"column":5}},"line":23},"4":{"name":"(anonymous_4)","decl":{"start":{"line":26,"column":38},"end":{"line":26,"column":39}},"loc":{"start":{"line":26,"column":57},"end":{"line":29,"column":5}},"line":26}},"branchMap":{},"s":{"0":10,"1":10,"2":0,"3":6,"4":0,"5":0,"6":6,"7":0,"8":6,"9":0,"10":0,"11":10,"12":10},"f":{"0":0,"1":6,"2":0,"3":0,"4":0},"b":{},"_coverageSchema":"1a1c01bbd47fc00a2c39e90264f33305004495a9","hash":"0cf2bc54cb115dfbcbd356982579fd19e55a21e2"}
,"C:\\Users\\79876\\OneDrive\\Рабочий стол\\Neoflex\\neo2\\Bank\\src\\app\\entities\\Loan\\model\\slice\\documentsSlice.ts": {"path":"C:\\Users\\79876\\OneDrive\\Рабочий стол\\Neoflex\\neo2\\Bank\\src\\app\\entities\\Loan\\model\\slice\\documentsSlice.ts","statementMap":{"0":{"start":{"line":6,"column":39},"end":{"line":9,"column":1}},"1":{"start":{"line":11,"column":30},"end":{"line":43,"column":2}},"2":{"start":{"line":16,"column":6},"end":{"line":16,"column":29}},"3":{"start":{"line":20,"column":4},"end":{"line":23,"column":6}},"4":{"start":{"line":21,"column":6},"end":{"line":21,"column":29}},"5":{"start":{"line":22,"column":6},"end":{"line":22,"column":28}},"6":{"start":{"line":24,"column":4},"end":{"line":26,"column":6}},"7":{"start":{"line":25,"column":6},"end":{"line":25,"column":29}},"8":{"start":{"line":27,"column":4},"end":{"line":30,"column":6}},"9":{"start":{"line":28,"column":6},"end":{"line":28,"column":29}},"10":{"start":{"line":29,"column":6},"end":{"line":29,"column":34}},"11":{"start":{"line":31,"column":4},"end":{"line":34,"column":6}},"12":{"start":{"line":32,"column":6},"end":{"line":32,"column":29}},"13":{"start":{"line":33,"column":6},"end":{"line":33,"column":28}},"14":{"start":{"line":35,"column":4},"end":{"line":37,"column":6}},"15":{"start":{"line":36,"column":6},"end":{"line":36,"column":29}},"16":{"start":{"line":38,"column":4},"end":{"line":41,"column":6}},"17":{"start":{"line":39,"column":6},"end":{"line":39,"column":29}},"18":{"start":{"line":40,"column":6},"end":{"line":40,"column":34}},"19":{"start":{"line":45,"column":45},"end":{"line":45,"column":59}},"20":{"start":{"line":46,"column":45},"end":{"line":46,"column":59}}},"fnMap":{"0":{"name":"(anonymous_0)","decl":{"start":{"line":15,"column":16},"end":{"line":15,"column":17}},"loc":{"start":{"line":15,"column":27},"end":{"line":17,"column":5}},"line":15},"1":{"name":"(anonymous_1)","decl":{"start":{"line":19,"column":17},"end":{"line":19,"column":18}},"loc":{"start":{"line":19,"column":34},"end":{"line":42,"column":3}},"line":19},"2":{"name":"(anonymous_2)","decl":{"start":{"line":20,"column":37},"end":{"line":20,"column":38}},"loc":{"start":{"line":20,"column":48},"end":{"line":23,"column":5}},"line":20},"3":{"name":"(anonymous_3)","decl":{"start":{"line":24,"column":39},"end":{"line":24,"column":40}},"loc":{"start":{"line":24,"column":50},"end":{"line":26,"column":5}},"line":24},"4":{"name":"(anonymous_4)","decl":{"start":{"line":27,"column":38},"end":{"line":27,"column":39}},"loc":{"start":{"line":27,"column":57},"end":{"line":30,"column":5}},"line":27},"5":{"name":"(anonymous_5)","decl":{"start":{"line":31,"column":35},"end":{"line":31,"column":36}},"loc":{"start":{"line":31,"column":46},"end":{"line":34,"column":5}},"line":31},"6":{"name":"(anonymous_6)","decl":{"start":{"line":35,"column":37},"end":{"line":35,"column":38}},"loc":{"start":{"line":35,"column":48},"end":{"line":37,"column":5}},"line":35},"7":{"name":"(anonymous_7)","decl":{"start":{"line":38,"column":36},"end":{"line":38,"column":37}},"loc":{"start":{"line":38,"column":55},"end":{"line":41,"column":5}},"line":38}},"branchMap":{},"s":{"0":10,"1":10,"2":0,"3":6,"4":0,"5":0,"6":6,"7":0,"8":6,"9":0,"10":0,"11":6,"12":0,"13":0,"14":6,"15":0,"16":6,"17":0,"18":0,"19":10,"20":10},"f":{"0":0,"1":6,"2":0,"3":0,"4":0,"5":0,"6":0,"7":0},"b":{},"_coverageSchema":"1a1c01bbd47fc00a2c39e90264f33305004495a9","hash":"7868bfe7903b2608f3df4b1da3d2852cbf32052c"}
,"C:\\Users\\79876\\OneDrive\\Рабочий стол\\Neoflex\\neo2\\Bank\\src\\app\\entities\\Loan\\model\\slice\\loanStatusSlice.ts": {"path":"C:\\Users\\79876\\OneDrive\\Рабочий стол\\Neoflex\\neo2\\Bank\\src\\app\\entities\\Loan\\model\\slice\\loanStatusSlice.ts","statementMap":{"0":{"start":{"line":5,"column":40},"end":{"line":8,"column":1}},"1":{"start":{"line":10,"column":31},"end":{"line":41,"column":2}},"2":{"start":{"line":15,"column":6},"end":{"line":15,"column":46}},"3":{"start":{"line":16,"column":6},"end":{"line":16,"column":33}},"4":{"start":{"line":19,"column":6},"end":{"line":19,"column":49}},"5":{"start":{"line":20,"column":6},"end":{"line":20,"column":42}},"6":{"start":{"line":23,"column":22},"end":{"line":23,"column":48}},"7":{"start":{"line":24,"column":31},"end":{"line":24,"column":60}},"8":{"start":{"line":26,"column":6},"end":{"line":30,"column":7}},"9":{"start":{"line":27,"column":8},"end":{"line":27,"column":28}},"10":{"start":{"line":29,"column":8},"end":{"line":29,"column":44}},"11":{"start":{"line":32,"column":6},"end":{"line":32,"column":66}},"12":{"start":{"line":32,"column":28},"end":{"line":32,"column":66}},"13":{"start":{"line":35,"column":6},"end":{"line":35,"column":36}},"14":{"start":{"line":36,"column":6},"end":{"line":36,"column":54}},"15":{"start":{"line":37,"column":6},"end":{"line":37,"column":25}},"16":{"start":{"line":38,"column":6},"end":{"line":38,"column":49}},"17":{"start":{"line":43,"column":46},"end":{"line":43,"column":61}},"18":{"start":{"line":44,"column":46},"end":{"line":44,"column":61}}},"fnMap":{"0":{"name":"(anonymous_0)","decl":{"start":{"line":14,"column":13},"end":{"line":14,"column":14}},"loc":{"start":{"line":14,"column":55},"end":{"line":17,"column":5}},"line":14},"1":{"name":"(anonymous_1)","decl":{"start":{"line":18,"column":22},"end":{"line":18,"column":23}},"loc":{"start":{"line":18,"column":64},"end":{"line":21,"column":5}},"line":18},"2":{"name":"(anonymous_2)","decl":{"start":{"line":22,"column":20},"end":{"line":22,"column":21}},"loc":{"start":{"line":22,"column":31},"end":{"line":33,"column":5}},"line":22},"3":{"name":"(anonymous_3)","decl":{"start":{"line":34,"column":21},"end":{"line":34,"column":22}},"loc":{"start":{"line":34,"column":32},"end":{"line":39,"column":5}},"line":34}},"branchMap":{"0":{"loc":{"start":{"line":26,"column":6},"end":{"line":30,"column":7}},"type":"if","locations":[{"start":{"line":26,"column":6},"end":{"line":30,"column":7}},{"start":{"line":28,"column":13},"end":{"line":30,"column":7}}],"line":26},"1":{"loc":{"start":{"line":32,"column":6},"end":{"line":32,"column":66}},"type":"if","locations":[{"start":{"line":32,"column":6},"end":{"line":32,"column":66}},{"start":{},"end":{}}],"line":32}},"s":{"0":13,"1":13,"2":0,"3":0,"4":0,"5":0,"6":0,"7":0,"8":0,"9":0,"10":0,"11":0,"12":0,"13":0,"14":0,"15":0,"16":0,"17":13,"18":13},"f":{"0":0,"1":0,"2":0,"3":0},"b":{"0":[0,0],"1":[0,0]},"_coverageSchema":"1a1c01bbd47fc00a2c39e90264f33305004495a9","hash":"807445501b6bd57348af1f587d30af88f4a5e991"}
,"C:\\Users\\79876\\OneDrive\\Рабочий стол\\Neoflex\\neo2\\Bank\\src\\app\\entities\\Loan\\model\\slice\\offerSlice.ts": {"path":"C:\\Users\\79876\\OneDrive\\Рабочий стол\\Neoflex\\neo2\\Bank\\src\\app\\entities\\Loan\\model\\slice\\offerSlice.ts","statementMap":{"0":{"start":{"line":7,"column":35},"end":{"line":11,"column":1}},"1":{"start":{"line":13,"column":26},"end":{"line":38,"column":2}},"2":{"start":{"line":18,"column":6},"end":{"line":18,"column":45}},"3":{"start":{"line":19,"column":6},"end":{"line":19,"column":33}},"4":{"start":{"line":22,"column":6},"end":{"line":22,"column":29}},"5":{"start":{"line":26,"column":4},"end":{"line":29,"column":6}},"6":{"start":{"line":27,"column":6},"end":{"line":27,"column":29}},"7":{"start":{"line":28,"column":6},"end":{"line":28,"column":28}},"8":{"start":{"line":30,"column":4},"end":{"line":32,"column":6}},"9":{"start":{"line":31,"column":6},"end":{"line":31,"column":29}},"10":{"start":{"line":33,"column":4},"end":{"line":36,"column":6}},"11":{"start":{"line":34,"column":6},"end":{"line":34,"column":29}},"12":{"start":{"line":35,"column":6},"end":{"line":35,"column":34}},"13":{"start":{"line":40,"column":41},"end":{"line":40,"column":51}},"14":{"start":{"line":41,"column":41},"end":{"line":41,"column":51}}},"fnMap":{"0":{"name":"(anonymous_0)","decl":{"start":{"line":17,"column":13},"end":{"line":17,"column":14}},"loc":{"start":{"line":17,"column":61},"end":{"line":20,"column":5}},"line":17},"1":{"name":"(anonymous_1)","decl":{"start":{"line":21,"column":16},"end":{"line":21,"column":17}},"loc":{"start":{"line":21,"column":27},"end":{"line":23,"column":5}},"line":21},"2":{"name":"(anonymous_2)","decl":{"start":{"line":25,"column":17},"end":{"line":25,"column":18}},"loc":{"start":{"line":25,"column":34},"end":{"line":37,"column":3}},"line":25},"3":{"name":"(anonymous_3)","decl":{"start":{"line":26,"column":32},"end":{"line":26,"column":33}},"loc":{"start":{"line":26,"column":43},"end":{"line":29,"column":5}},"line":26},"4":{"name":"(anonymous_4)","decl":{"start":{"line":30,"column":34},"end":{"line":30,"column":35}},"loc":{"start":{"line":30,"column":45},"end":{"line":32,"column":5}},"line":30},"5":{"name":"(anonymous_5)","decl":{"start":{"line":33,"column":33},"end":{"line":33,"column":34}},"loc":{"start":{"line":33,"column":52},"end":{"line":36,"column":5}},"line":33}},"branchMap":{},"s":{"0":10,"1":10,"2":0,"3":0,"4":0,"5":6,"6":0,"7":0,"8":6,"9":0,"10":6,"11":0,"12":0,"13":10,"14":10},"f":{"0":0,"1":0,"2":6,"3":0,"4":0,"5":0},"b":{},"_coverageSchema":"1a1c01bbd47fc00a2c39e90264f33305004495a9","hash":"fdcec3aea3c6099b82c1da8a085ca9593650182c"}
,"C:\\Users\\79876\\OneDrive\\Рабочий стол\\Neoflex\\neo2\\Bank\\src\\app\\entities\\Loan\\model\\types\\codeSchema.ts": {"path":"C:\\Users\\79876\\OneDrive\\Рабочий стол\\Neoflex\\neo2\\Bank\\src\\app\\entities\\Loan\\model\\types\\codeSchema.ts","statementMap":{},"fnMap":{},"branchMap":{},"s":{},"f":{},"b":{}}
,"C:\\Users\\79876\\OneDrive\\Рабочий стол\\Neoflex\\neo2\\Bank\\src\\app\\entities\\Loan\\model\\types\\denySchema.ts": {"path":"C:\\Users\\79876\\OneDrive\\Рабочий стол\\Neoflex\\neo2\\Bank\\src\\app\\entities\\Loan\\model\\types\\denySchema.ts","statementMap":{},"fnMap":{},"branchMap":{},"s":{},"f":{},"b":{}}
,"C:\\Users\\79876\\OneDrive\\Рабочий стол\\Neoflex\\neo2\\Bank\\src\\app\\entities\\Loan\\model\\types\\documentsSchema.ts": {"path":"C:\\Users\\79876\\OneDrive\\Рабочий стол\\Neoflex\\neo2\\Bank\\src\\app\\entities\\Loan\\model\\types\\documentsSchema.ts","statementMap":{},"fnMap":{},"branchMap":{},"s":{},"f":{},"b":{}}
,"C:\\Users\\79876\\OneDrive\\Рабочий стол\\Neoflex\\neo2\\Bank\\src\\app\\entities\\Loan\\model\\types\\loanStatusSchema.ts": {"path":"C:\\Users\\79876\\OneDrive\\Рабочий стол\\Neoflex\\neo2\\Bank\\src\\app\\entities\\Loan\\model\\types\\loanStatusSchema.ts","statementMap":{},"fnMap":{},"branchMap":{},"s":{},"f":{},"b":{}}
,"C:\\Users\\79876\\OneDrive\\Рабочий стол\\Neoflex\\neo2\\Bank\\src\\app\\entities\\Loan\\model\\types\\offerSchema.ts": {"path":"C:\\Users\\79876\\OneDrive\\Рабочий стол\\Neoflex\\neo2\\Bank\\src\\app\\entities\\Loan\\model\\types\\offerSchema.ts","statementMap":{},"fnMap":{},"branchMap":{},"s":{},"f":{},"b":{}}
,"C:\\Users\\79876\\OneDrive\\Рабочий стол\\Neoflex\\neo2\\Bank\\src\\app\\entities\\Loan\\ui\\DenyModal\\DenyModal.tsx": {"path":"C:\\Users\\79876\\OneDrive\\Рабочий стол\\Neoflex\\neo2\\Bank\\src\\app\\entities\\Loan\\ui\\DenyModal\\DenyModal.tsx","statementMap":{"0":{"start":{"line":20,"column":25},"end":{"line":90,"column":1}},"1":{"start":{"line":21,"column":41},"end":{"line":21,"column":46}},"2":{"start":{"line":22,"column":34},"end":{"line":22,"column":49}},"3":{"start":{"line":23,"column":20},"end":{"line":23,"column":58}},"4":{"start":{"line":24,"column":24},"end":{"line":24,"column":63}},"5":{"start":{"line":25,"column":19},"end":{"line":25,"column":35}},"6":{"start":{"line":26,"column":19},"end":{"line":26,"column":32}},"7":{"start":{"line":28,"column":25},"end":{"line":36,"column":3}},"8":{"start":{"line":29,"column":4},"end":{"line":29,"column":13}},"9":{"start":{"line":30,"column":4},"end":{"line":35,"column":5}},"10":{"start":{"line":31,"column":6},"end":{"line":31,"column":30}},"11":{"start":{"line":32,"column":6},"end":{"line":32,"column":51}},"12":{"start":{"line":33,"column":6},"end":{"line":33,"column":50}},"13":{"start":{"line":34,"column":6},"end":{"line":34,"column":43}},"14":{"start":{"line":38,"column":24},"end":{"line":43,"column":3}},"15":{"start":{"line":39,"column":4},"end":{"line":42,"column":5}},"16":{"start":{"line":40,"column":6},"end":{"line":40,"column":46}},"17":{"start":{"line":41,"column":6},"end":{"line":41,"column":23}},"18":{"start":{"line":45,"column":25},"end":{"line":47,"column":3}},"19":{"start":{"line":46,"column":4},"end":{"line":46,"column":30}},"20":{"start":{"line":49,"column":2},"end":{"line":89,"column":3}}},"fnMap":{"0":{"name":"(anonymous_0)","decl":{"start":{"line":20,"column":25},"end":{"line":20,"column":26}},"loc":{"start":{"line":20,"column":53},"end":{"line":90,"column":1}},"line":20},"1":{"name":"(anonymous_1)","decl":{"start":{"line":28,"column":25},"end":{"line":28,"column":26}},"loc":{"start":{"line":28,"column":31},"end":{"line":36,"column":3}},"line":28},"2":{"name":"(anonymous_2)","decl":{"start":{"line":38,"column":24},"end":{"line":38,"column":25}},"loc":{"start":{"line":38,"column":30},"end":{"line":43,"column":3}},"line":38},"3":{"name":"(anonymous_3)","decl":{"start":{"line":45,"column":25},"end":{"line":45,"column":26}},"loc":{"start":{"line":45,"column":31},"end":{"line":47,"column":3}},"line":45}},"branchMap":{"0":{"loc":{"start":{"line":30,"column":4},"end":{"line":35,"column":5}},"type":"if","locations":[{"start":{"line":30,"column":4},"end":{"line":35,"column":5}},{"start":{},"end":{}}],"line":30},"1":{"loc":{"start":{"line":39,"column":4},"end":{"line":42,"column":5}},"type":"if","locations":[{"start":{"line":39,"column":4},"end":{"line":42,"column":5}},{"start":{},"end":{}}],"line":39},"2":{"loc":{"start":{"line":59,"column":7},"end":{"line":87,"column":7}},"type":"cond-expr","locations":[{"start":{"line":60,"column":8},"end":{"line":68,"column":11}},{"start":{"line":70,"column":8},"end":{"line":86,"column":11}}],"line":59}},"s":{"0":10,"1":0,"2":0,"3":0,"4":0,"5":0,"6":0,"7":0,"8":0,"9":0,"10":0,"11":0,"12":0,"13":0,"14":0,"15":0,"16":0,"17":0,"18":0,"19":0,"20":0},"f":{"0":0,"1":0,"2":0,"3":0},"b":{"0":[0,0],"1":[0,0],"2":[0,0]},"_coverageSchema":"1a1c01bbd47fc00a2c39e90264f33305004495a9","hash":"66f56d620252d3f13216d68859f149655d70e8f8"}
,"C:\\Users\\79876\\OneDrive\\Рабочий стол\\Neoflex\\neo2\\Bank\\src\\app\\entities\\Loan\\ui\\OfferCard\\OfferCard.tsx": {"path":"C:\\Users\\79876\\OneDrive\\Рабочий стол\\Neoflex\\neo2\\Bank\\src\\app\\entities\\Loan\\ui\\OfferCard\\OfferCard.tsx","statementMap":{"0":{"start":{"line":11,"column":25},"end":{"line":68,"column":1}},"1":{"start":{"line":21,"column":6},"end":{"line":21,"column":11}},"2":{"start":{"line":23,"column":19},"end":{"line":23,"column":35}},"3":{"start":{"line":25,"column":18},"end":{"line":38,"column":8}},"4":{"start":{"line":26,"column":4},"end":{"line":37,"column":5}},"5":{"start":{"line":40,"column":31},"end":{"line":45,"column":5}},"6":{"start":{"line":41,"column":4},"end":{"line":45,"column":5}},"7":{"start":{"line":47,"column":2},"end":{"line":67,"column":3}}},"fnMap":{"0":{"name":"(anonymous_0)","decl":{"start":{"line":11,"column":25},"end":{"line":11,"column":26}},"loc":{"start":{"line":11,"column":48},"end":{"line":68,"column":1}},"line":11},"1":{"name":"(anonymous_1)","decl":{"start":{"line":25,"column":30},"end":{"line":25,"column":31}},"loc":{"start":{"line":25,"column":36},"end":{"line":38,"column":3}},"line":25},"2":{"name":"(anonymous_2)","decl":{"start":{"line":40,"column":31},"end":{"line":40,"column":32}},"loc":{"start":{"line":41,"column":4},"end":{"line":45,"column":5}},"line":41}},"branchMap":{"0":{"loc":{"start":{"line":41,"column":4},"end":{"line":45,"column":5}},"type":"cond-expr","locations":[{"start":{"line":42,"column":6},"end":{"line":42,"column":88}},{"start":{"line":44,"column":6},"end":{"line":44,"column":95}}],"line":41}},"s":{"0":10,"1":9,"2":9,"3":9,"4":0,"5":9,"6":18,"7":9},"f":{"0":9,"1":0,"2":18},"b":{"0":[8,10]},"_coverageSchema":"1a1c01bbd47fc00a2c39e90264f33305004495a9","hash":"b12eb87cdd9129d4abf1017d859989d4317150ef"}
,"C:\\Users\\79876\\OneDrive\\Рабочий стол\\Neoflex\\neo2\\Bank\\src\\app\\entities\\Loan\\ui\\OfferMessage\\OfferMessage.tsx": {"path":"C:\\Users\\79876\\OneDrive\\Рабочий стол\\Neoflex\\neo2\\Bank\\src\\app\\entities\\Loan\\ui\\OfferMessage\\OfferMessage.tsx","statementMap":{"0":{"start":{"line":4,"column":28},"end":{"line":12,"column":1}},"1":{"start":{"line":5,"column":2},"end":{"line":11,"column":3}}},"fnMap":{"0":{"name":"(anonymous_0)","decl":{"start":{"line":4,"column":28},"end":{"line":4,"column":29}},"loc":{"start":{"line":4,"column":34},"end":{"line":12,"column":1}},"line":4}},"branchMap":{},"s":{"0":10,"1":0},"f":{"0":0},"b":{},"_coverageSchema":"1a1c01bbd47fc00a2c39e90264f33305004495a9","hash":"519875ffda91ab9bdc87428d0643e2e12d0751fb"}
,"C:\\Users\\79876\\OneDrive\\Рабочий стол\\Neoflex\\neo2\\Bank\\src\\app\\entities\\Loan\\ui\\OffersList\\OffersList.tsx": {"path":"C:\\Users\\79876\\OneDrive\\Рабочий стол\\Neoflex\\neo2\\Bank\\src\\app\\entities\\Loan\\ui\\OffersList\\OffersList.tsx","statementMap":{"0":{"start":{"line":10,"column":26},"end":{"line":35,"column":1}},"1":{"start":{"line":11,"column":20},"end":{"line":11,"column":25}},"2":{"start":{"line":12,"column":40},"end":{"line":12,"column":55}},"3":{"start":{"line":14,"column":2},"end":{"line":16,"column":13}},"4":{"start":{"line":15,"column":4},"end":{"line":15,"column":68}},"5":{"start":{"line":15,"column":51},"end":{"line":15,"column":66}},"6":{"start":{"line":18,"column":2},"end":{"line":34,"column":3}},"7":{"start":{"line":21,"column":8},"end":{"line":31,"column":10}}},"fnMap":{"0":{"name":"(anonymous_0)","decl":{"start":{"line":10,"column":26},"end":{"line":10,"column":27}},"loc":{"start":{"line":10,"column":55},"end":{"line":35,"column":1}},"line":10},"1":{"name":"(anonymous_1)","decl":{"start":{"line":14,"column":12},"end":{"line":14,"column":13}},"loc":{"start":{"line":14,"column":18},"end":{"line":16,"column":3}},"line":14},"2":{"name":"(anonymous_2)","decl":{"start":{"line":15,"column":41},"end":{"line":15,"column":42}},"loc":{"start":{"line":15,"column":51},"end":{"line":15,"column":66}},"line":15},"3":{"name":"(anonymous_3)","decl":{"start":{"line":20,"column":23},"end":{"line":20,"column":24}},"loc":{"start":{"line":21,"column":8},"end":{"line":31,"column":10}},"line":21}},"branchMap":{},"s":{"0":10,"1":4,"2":4,"3":4,"4":2,"5":3,"6":4,"7":8},"f":{"0":4,"1":2,"2":3,"3":8},"b":{},"_coverageSchema":"1a1c01bbd47fc00a2c39e90264f33305004495a9","hash":"175ffd9f787204142b4d36feaf2e620f83a9c225"}
,"C:\\Users\\79876\\OneDrive\\Рабочий стол\\Neoflex\\neo2\\Bank\\src\\app\\pages\\CodePage\\ui\\CodePage.lazy.ts": {"path":"C:\\Users\\79876\\OneDrive\\Рабочий стол\\Neoflex\\neo2\\Bank\\src\\app\\pages\\CodePage\\ui\\CodePage.lazy.ts","statementMap":{"0":{"start":{"line":3,"column":28},"end":{"line":3,"column":60}},"1":{"start":{"line":3,"column":39},"end":{"line":3,"column":59}}},"fnMap":{"0":{"name":"(anonymous_0)","decl":{"start":{"line":3,"column":33},"end":{"line":3,"column":34}},"loc":{"start":{"line":3,"column":39},"end":{"line":3,"column":59}},"line":3}},"branchMap":{},"s":{"0":0,"1":0},"f":{"0":0},"b":{}}
,"C:\\Users\\79876\\OneDrive\\Рабочий стол\\Neoflex\\neo2\\Bank\\src\\app\\pages\\CodePage\\ui\\CodePage.tsx": {"path":"C:\\Users\\79876\\OneDrive\\Рабочий стол\\Neoflex\\neo2\\Bank\\src\\app\\pages\\CodePage\\ui\\CodePage.tsx","statementMap":{"0":{"start":{"line":8,"column":17},"end":{"line":20,"column":1}},"1":{"start":{"line":9,"column":20},"end":{"line":9,"column":49}},"2":{"start":{"line":10,"column":15},"end":{"line":10,"column":45}},"3":{"start":{"line":12,"column":2},"end":{"line":12,"column":34}},"4":{"start":{"line":12,"column":17},"end":{"line":12,"column":34}},"5":{"start":{"line":14,"column":2},"end":{"line":19,"column":3}}},"fnMap":{"0":{"name":"(anonymous_0)","decl":{"start":{"line":8,"column":17},"end":{"line":8,"column":18}},"loc":{"start":{"line":8,"column":23},"end":{"line":20,"column":1}},"line":8}},"branchMap":{"0":{"loc":{"start":{"line":12,"column":2},"end":{"line":12,"column":34}},"type":"if","locations":[{"start":{"line":12,"column":2},"end":{"line":12,"column":34}},{"start":{},"end":{}}],"line":12},"1":{"loc":{"start":{"line":16,"column":7},"end":{"line":16,"column":38}},"type":"binary-expr","locations":[{"start":{"line":16,"column":7},"end":{"line":16,"column":15}},{"start":{"line":16,"column":19},"end":{"line":16,"column":38}}],"line":16},"2":{"loc":{"start":{"line":17,"column":7},"end":{"line":17,"column":37}},"type":"binary-expr","locations":[{"start":{"line":17,"column":7},"end":{"line":17,"column":17}},{"start":{"line":17,"column":21},"end":{"line":17,"column":37}}],"line":17}},"s":{"0":0,"1":0,"2":0,"3":0,"4":0,"5":0},"f":{"0":0},"b":{"0":[0,0],"1":[0,0],"2":[0,0]}}
,"C:\\Users\\79876\\OneDrive\\Рабочий стол\\Neoflex\\neo2\\Bank\\src\\app\\pages\\DocumentPage\\ui\\DocumentPage.lazy.ts": {"path":"C:\\Users\\79876\\OneDrive\\Рабочий стол\\Neoflex\\neo2\\Bank\\src\\app\\pages\\DocumentPage\\ui\\DocumentPage.lazy.ts","statementMap":{"0":{"start":{"line":3,"column":32},"end":{"line":3,"column":68}},"1":{"start":{"line":3,"column":43},"end":{"line":3,"column":67}}},"fnMap":{"0":{"name":"(anonymous_0)","decl":{"start":{"line":3,"column":37},"end":{"line":3,"column":38}},"loc":{"start":{"line":3,"column":43},"end":{"line":3,"column":67}},"line":3}},"branchMap":{},"s":{"0":0,"1":0},"f":{"0":0},"b":{}}
,"C:\\Users\\79876\\OneDrive\\Рабочий стол\\Neoflex\\neo2\\Bank\\src\\app\\pages\\DocumentPage\\ui\\DocumentPage.tsx": {"path":"C:\\Users\\79876\\OneDrive\\Рабочий стол\\Neoflex\\neo2\\Bank\\src\\app\\pages\\DocumentPage\\ui\\DocumentPage.tsx","statementMap":{"0":{"start":{"line":17,"column":21},"end":{"line":56,"column":1}},"1":{"start":{"line":18,"column":15},"end":{"line":18,"column":45}},"2":{"start":{"line":19,"column":24},"end":{"line":19,"column":63}},"3":{"start":{"line":20,"column":16},"end":{"line":20,"column":45}},"4":{"start":{"line":21,"column":17},"end":{"line":21,"column":47}},"5":{"start":{"line":22,"column":20},"end":{"line":22,"column":53}},"6":{"start":{"line":23,"column":19},"end":{"line":23,"column":35}},"7":{"start":{"line":25,"column":2},"end":{"line":29,"column":8}},"8":{"start":{"line":26,"column":4},"end":{"line":28,"column":5}},"9":{"start":{"line":27,"column":6},"end":{"line":27,"column":49}},"10":{"start":{"line":31,"column":2},"end":{"line":33,"column":3}},"11":{"start":{"line":32,"column":4},"end":{"line":32,"column":21}},"12":{"start":{"line":35,"column":2},"end":{"line":37,"column":3}},"13":{"start":{"line":36,"column":4},"end":{"line":36,"column":75}},"14":{"start":{"line":36,"column":54},"end":{"line":36,"column":71}},"15":{"start":{"line":39,"column":2},"end":{"line":41,"column":3}},"16":{"start":{"line":40,"column":4},"end":{"line":40,"column":21}},"17":{"start":{"line":43,"column":2},"end":{"line":55,"column":3}},"18":{"start":{"line":44,"column":4},"end":{"line":54,"column":5}}},"fnMap":{"0":{"name":"(anonymous_0)","decl":{"start":{"line":17,"column":21},"end":{"line":17,"column":22}},"loc":{"start":{"line":17,"column":27},"end":{"line":56,"column":1}},"line":17},"1":{"name":"(anonymous_1)","decl":{"start":{"line":25,"column":12},"end":{"line":25,"column":13}},"loc":{"start":{"line":25,"column":18},"end":{"line":29,"column":3}},"line":25},"2":{"name":"(anonymous_2)","decl":{"start":{"line":36,"column":48},"end":{"line":36,"column":49}},"loc":{"start":{"line":36,"column":54},"end":{"line":36,"column":71}},"line":36}},"branchMap":{"0":{"loc":{"start":{"line":26,"column":4},"end":{"line":28,"column":5}},"type":"if","locations":[{"start":{"line":26,"column":4},"end":{"line":28,"column":5}},{"start":{},"end":{}}],"line":26},"1":{"loc":{"start":{"line":26,"column":8},"end":{"line":26,"column":32}},"type":"binary-expr","locations":[{"start":{"line":26,"column":8},"end":{"line":26,"column":21}},{"start":{"line":26,"column":25},"end":{"line":26,"column":32}}],"line":26},"2":{"loc":{"start":{"line":31,"column":2},"end":{"line":33,"column":3}},"type":"if","locations":[{"start":{"line":31,"column":2},"end":{"line":33,"column":3}},{"start":{},"end":{}}],"line":31},"3":{"loc":{"start":{"line":35,"column":2},"end":{"line":37,"column":3}},"type":"if","locations":[{"start":{"line":35,"column":2},"end":{"line":37,"column":3}},{"start":{},"end":{}}],"line":35},"4":{"loc":{"start":{"line":39,"column":2},"end":{"line":41,"column":3}},"type":"if","locations":[{"start":{"line":39,"column":2},"end":{"line":41,"column":3}},{"start":{},"end":{}}],"line":39},"5":{"loc":{"start":{"line":43,"column":2},"end":{"line":55,"column":3}},"type":"if","locations":[{"start":{"line":43,"column":2},"end":{"line":55,"column":3}},{"start":{},"end":{}}],"line":43},"6":{"loc":{"start":{"line":46,"column":9},"end":{"line":51,"column":9}},"type":"binary-expr","locations":[{"start":{"line":46,"column":9},"end":{"line":46,"column":17}},{"start":{"line":47,"column":10},"end":{"line":50,"column":12}}],"line":46},"7":{"loc":{"start":{"line":52,"column":9},"end":{"line":52,"column":42}},"type":"binary-expr","locations":[{"start":{"line":52,"column":9},"end":{"line":52,"column":19}},{"start":{"line":52,"column":23},"end":{"line":52,"column":42}}],"line":52}},"s":{"0":0,"1":0,"2":0,"3":0,"4":0,"5":0,"6":0,"7":0,"8":0,"9":0,"10":0,"11":0,"12":0,"13":0,"14":0,"15":0,"16":0,"17":0,"18":0},"f":{"0":0,"1":0,"2":0},"b":{"0":[0,0],"1":[0,0],"2":[0,0],"3":[0,0],"4":[0,0],"5":[0,0],"6":[0,0],"7":[0,0]}}
,"C:\\Users\\79876\\OneDrive\\Рабочий стол\\Neoflex\\neo2\\Bank\\src\\app\\pages\\HomePage\\HomePage.tsx": {"path":"C:\\Users\\79876\\OneDrive\\Рабочий стол\\Neoflex\\neo2\\Bank\\src\\app\\pages\\HomePage\\HomePage.tsx","statementMap":{"0":{"start":{"line":9,"column":24},"end":{"line":20,"column":1}},"1":{"start":{"line":10,"column":2},"end":{"line":19,"column":3}}},"fnMap":{"0":{"name":"(anonymous_0)","decl":{"start":{"line":9,"column":24},"end":{"line":9,"column":25}},"loc":{"start":{"line":9,"column":30},"end":{"line":20,"column":1}},"line":9}},"branchMap":{},"s":{"0":0,"1":0},"f":{"0":0},"b":{}}
,"C:\\Users\\79876\\OneDrive\\Рабочий стол\\Neoflex\\neo2\\Bank\\src\\app\\pages\\LoanPage\\LoanPage.tsx": {"path":"C:\\Users\\79876\\OneDrive\\Рабочий стол\\Neoflex\\neo2\\Bank\\src\\app\\pages\\LoanPage\\LoanPage.tsx","statementMap":{"0":{"start":{"line":7,"column":24},"end":{"line":16,"column":1}},"1":{"start":{"line":8,"column":2},"end":{"line":15,"column":3}}},"fnMap":{"0":{"name":"(anonymous_0)","decl":{"start":{"line":7,"column":24},"end":{"line":7,"column":25}},"loc":{"start":{"line":7,"column":30},"end":{"line":16,"column":1}},"line":7}},"branchMap":{},"s":{"0":0,"1":0},"f":{"0":0},"b":{}}
,"C:\\Users\\79876\\OneDrive\\Рабочий стол\\Neoflex\\neo2\\Bank\\src\\app\\pages\\NotFound\\NotFoundPage.tsx": {"path":"C:\\Users\\79876\\OneDrive\\Рабочий стол\\Neoflex\\neo2\\Bank\\src\\app\\pages\\NotFound\\NotFoundPage.tsx","statementMap":{"0":{"start":{"line":7,"column":28},"end":{"line":26,"column":1}},"1":{"start":{"line":8,"column":19},"end":{"line":8,"column":32}},"2":{"start":{"line":9,"column":17},"end":{"line":9,"column":35}},"3":{"start":{"line":9,"column":23},"end":{"line":9,"column":35}},"4":{"start":{"line":11,"column":2},"end":{"line":25,"column":3}}},"fnMap":{"0":{"name":"(anonymous_0)","decl":{"start":{"line":7,"column":28},"end":{"line":7,"column":29}},"loc":{"start":{"line":7,"column":34},"end":{"line":26,"column":1}},"line":7},"1":{"name":"(anonymous_1)","decl":{"start":{"line":9,"column":17},"end":{"line":9,"column":18}},"loc":{"start":{"line":9,"column":23},"end":{"line":9,"column":35}},"line":9}},"branchMap":{},"s":{"0":0,"1":0,"2":0,"3":0,"4":0},"f":{"0":0,"1":0},"b":{}}
,"C:\\Users\\79876\\OneDrive\\Рабочий стол\\Neoflex\\neo2\\Bank\\src\\app\\pages\\ScoringPage\\ui\\ScoringPage.lazy.ts": {"path":"C:\\Users\\79876\\OneDrive\\Рабочий стол\\Neoflex\\neo2\\Bank\\src\\app\\pages\\ScoringPage\\ui\\ScoringPage.lazy.ts","statementMap":{"0":{"start":{"line":3,"column":31},"end":{"line":3,"column":66}},"1":{"start":{"line":3,"column":42},"end":{"line":3,"column":65}}},"fnMap":{"0":{"name":"(anonymous_0)","decl":{"start":{"line":3,"column":36},"end":{"line":3,"column":37}},"loc":{"start":{"line":3,"column":42},"end":{"line":3,"column":65}},"line":3}},"branchMap":{},"s":{"0":0,"1":0},"f":{"0":0},"b":{}}
,"C:\\Users\\79876\\OneDrive\\Рабочий стол\\Neoflex\\neo2\\Bank\\src\\app\\pages\\ScoringPage\\ui\\ScoringPage.tsx": {"path":"C:\\Users\\79876\\OneDrive\\Рабочий стол\\Neoflex\\neo2\\Bank\\src\\app\\pages\\ScoringPage\\ui\\ScoringPage.tsx","statementMap":{"0":{"start":{"line":19,"column":20},"end":{"line":72,"column":1}},"1":{"start":{"line":20,"column":15},"end":{"line":20,"column":45}},"2":{"start":{"line":21,"column":16},"end":{"line":21,"column":44}},"3":{"start":{"line":22,"column":20},"end":{"line":22,"column":52}},"4":{"start":{"line":23,"column":24},"end":{"line":23,"column":63}},"5":{"start":{"line":24,"column":19},"end":{"line":24,"column":35}},"6":{"start":{"line":26,"column":28},"end":{"line":28,"column":8}},"7":{"start":{"line":27,"column":4},"end":{"line":27,"column":41}},"8":{"start":{"line":30,"column":19},"end":{"line":43,"column":3}},"9":{"start":{"line":31,"column":28},"end":{"line":31,"column":56}},"10":{"start":{"line":32,"column":23},"end":{"line":38,"column":5}},"11":{"start":{"line":40,"column":24},"end":{"line":40,"column":64}},"12":{"start":{"line":42,"column":4},"end":{"line":42,"column":83}},"13":{"start":{"line":42,"column":23},"end":{"line":42,"column":83}},"14":{"start":{"line":45,"column":2},"end":{"line":51,"column":3}},"15":{"start":{"line":46,"column":4},"end":{"line":50,"column":5}},"16":{"start":{"line":53,"column":2},"end":{"line":59,"column":3}},"17":{"start":{"line":54,"column":4},"end":{"line":58,"column":5}},"18":{"start":{"line":61,"column":2},"end":{"line":71,"column":3}}},"fnMap":{"0":{"name":"(anonymous_0)","decl":{"start":{"line":19,"column":20},"end":{"line":19,"column":21}},"loc":{"start":{"line":19,"column":26},"end":{"line":72,"column":1}},"line":19},"1":{"name":"(anonymous_1)","decl":{"start":{"line":26,"column":40},"end":{"line":26,"column":41}},"loc":{"start":{"line":26,"column":46},"end":{"line":28,"column":3}},"line":26},"2":{"name":"(anonymous_2)","decl":{"start":{"line":30,"column":19},"end":{"line":30,"column":20}},"loc":{"start":{"line":30,"column":43},"end":{"line":43,"column":3}},"line":30}},"branchMap":{"0":{"loc":{"start":{"line":42,"column":4},"end":{"line":42,"column":83}},"type":"if","locations":[{"start":{"line":42,"column":4},"end":{"line":42,"column":83}},{"start":{},"end":{}}],"line":42},"1":{"loc":{"start":{"line":45,"column":2},"end":{"line":51,"column":3}},"type":"if","locations":[{"start":{"line":45,"column":2},"end":{"line":51,"column":3}},{"start":{},"end":{}}],"line":45},"2":{"loc":{"start":{"line":53,"column":2},"end":{"line":59,"column":3}},"type":"if","locations":[{"start":{"line":53,"column":2},"end":{"line":59,"column":3}},{"start":{},"end":{}}],"line":53},"3":{"loc":{"start":{"line":63,"column":7},"end":{"line":68,"column":7}},"type":"binary-expr","locations":[{"start":{"line":63,"column":7},"end":{"line":63,"column":15}},{"start":{"line":64,"column":8},"end":{"line":67,"column":10}}],"line":63},"4":{"loc":{"start":{"line":69,"column":7},"end":{"line":69,"column":56}},"type":"binary-expr","locations":[{"start":{"line":69,"column":7},"end":{"line":69,"column":17}},{"start":{"line":69,"column":21},"end":{"line":69,"column":56}}],"line":69}},"s":{"0":0,"1":0,"2":0,"3":0,"4":0,"5":0,"6":0,"7":0,"8":0,"9":0,"10":0,"11":0,"12":0,"13":0,"14":0,"15":0,"16":0,"17":0,"18":0},"f":{"0":0,"1":0,"2":0},"b":{"0":[0,0],"1":[0,0],"2":[0,0],"3":[0,0],"4":[0,0]}}
,"C:\\Users\\79876\\OneDrive\\Рабочий стол\\Neoflex\\neo2\\Bank\\src\\app\\pages\\SignPage\\ui\\SignPage.lazy.ts": {"path":"C:\\Users\\79876\\OneDrive\\Рабочий стол\\Neoflex\\neo2\\Bank\\src\\app\\pages\\SignPage\\ui\\SignPage.lazy.ts","statementMap":{"0":{"start":{"line":3,"column":28},"end":{"line":3,"column":60}},"1":{"start":{"line":3,"column":39},"end":{"line":3,"column":59}}},"fnMap":{"0":{"name":"(anonymous_0)","decl":{"start":{"line":3,"column":33},"end":{"line":3,"column":34}},"loc":{"start":{"line":3,"column":39},"end":{"line":3,"column":59}},"line":3}},"branchMap":{},"s":{"0":0,"1":0},"f":{"0":0},"b":{}}
,"C:\\Users\\79876\\OneDrive\\Рабочий стол\\Neoflex\\neo2\\Bank\\src\\app\\pages\\SignPage\\ui\\SignPage.tsx": {"path":"C:\\Users\\79876\\OneDrive\\Рабочий стол\\Neoflex\\neo2\\Bank\\src\\app\\pages\\SignPage\\ui\\SignPage.tsx","statementMap":{"0":{"start":{"line":14,"column":17},"end":{"line":45,"column":1}},"1":{"start":{"line":15,"column":15},"end":{"line":15,"column":45}},"2":{"start":{"line":16,"column":16},"end":{"line":16,"column":46}},"3":{"start":{"line":17,"column":20},"end":{"line":17,"column":54}},"4":{"start":{"line":18,"column":19},"end":{"line":18,"column":35}},"5":{"start":{"line":20,"column":28},"end":{"line":22,"column":3}},"6":{"start":{"line":21,"column":4},"end":{"line":21,"column":43}},"7":{"start":{"line":24,"column":2},"end":{"line":26,"column":3}},"8":{"start":{"line":25,"column":4},"end":{"line":25,"column":21}},"9":{"start":{"line":28,"column":2},"end":{"line":30,"column":3}},"10":{"start":{"line":29,"column":4},"end":{"line":29,"column":69}},"11":{"start":{"line":32,"column":2},"end":{"line":44,"column":3}}},"fnMap":{"0":{"name":"(anonymous_0)","decl":{"start":{"line":14,"column":17},"end":{"line":14,"column":18}},"loc":{"start":{"line":14,"column":23},"end":{"line":45,"column":1}},"line":14},"1":{"name":"(anonymous_1)","decl":{"start":{"line":20,"column":28},"end":{"line":20,"column":29}},"loc":{"start":{"line":20,"column":34},"end":{"line":22,"column":3}},"line":20}},"branchMap":{"0":{"loc":{"start":{"line":24,"column":2},"end":{"line":26,"column":3}},"type":"if","locations":[{"start":{"line":24,"column":2},"end":{"line":26,"column":3}},{"start":{},"end":{}}],"line":24},"1":{"loc":{"start":{"line":28,"column":2},"end":{"line":30,"column":3}},"type":"if","locations":[{"start":{"line":28,"column":2},"end":{"line":30,"column":3}},{"start":{},"end":{}}],"line":28},"2":{"loc":{"start":{"line":34,"column":7},"end":{"line":41,"column":7}},"type":"binary-expr","locations":[{"start":{"line":34,"column":7},"end":{"line":34,"column":15}},{"start":{"line":35,"column":8},"end":{"line":40,"column":10}}],"line":34},"3":{"loc":{"start":{"line":42,"column":7},"end":{"line":42,"column":36}},"type":"binary-expr","locations":[{"start":{"line":42,"column":7},"end":{"line":42,"column":17}},{"start":{"line":42,"column":21},"end":{"line":42,"column":36}}],"line":42}},"s":{"0":0,"1":0,"2":0,"3":0,"4":0,"5":0,"6":0,"7":0,"8":0,"9":0,"10":0,"11":0},"f":{"0":0,"1":0},"b":{"0":[0,0],"1":[0,0],"2":[0,0],"3":[0,0]}}
,"C:\\Users\\79876\\OneDrive\\Рабочий стол\\Neoflex\\neo2\\Bank\\src\\app\\providers\\StoreProvider\\config\\StateSchema.ts": {"path":"C:\\Users\\79876\\OneDrive\\Рабочий стол\\Neoflex\\neo2\\Bank\\src\\app\\providers\\StoreProvider\\config\\StateSchema.ts","statementMap":{},"fnMap":{},"branchMap":{},"s":{},"f":{},"b":{}}
,"C:\\Users\\79876\\OneDrive\\Рабочий стол\\Neoflex\\neo2\\Bank\\src\\app\\providers\\StoreProvider\\config\\store.ts": {"path":"C:\\Users\\79876\\OneDrive\\Рабочий стол\\Neoflex\\neo2\\Bank\\src\\app\\providers\\StoreProvider\\config\\store.ts","statementMap":{"0":{"start":{"line":21,"column":56},"end":{"line":33,"column":3}},"1":{"start":{"line":35,"column":16},"end":{"line":42,"column":4}},"2":{"start":{"line":38,"column":42},"end":{"line":40,"column":6}},"3":{"start":{"line":44,"column":2},"end":{"line":44,"column":14}}},"fnMap":{"0":{"name":"createReduxStore","decl":{"start":{"line":17,"column":16},"end":{"line":17,"column":32}},"loc":{"start":{"line":20,"column":2},"end":{"line":45,"column":1}},"line":20},"1":{"name":"(anonymous_1)","decl":{"start":{"line":38,"column":16},"end":{"line":38,"column":17}},"loc":{"start":{"line":38,"column":42},"end":{"line":40,"column":6}},"line":38}},"branchMap":{},"s":{"0":21,"1":21,"2":21,"3":21},"f":{"0":21,"1":21},"b":{},"_coverageSchema":"1a1c01bbd47fc00a2c39e90264f33305004495a9","hash":"366b1457821232be146c499fa3dc39e9f5abf98d"}
,"C:\\Users\\79876\\OneDrive\\Рабочий стол\\Neoflex\\neo2\\Bank\\src\\app\\providers\\StoreProvider\\ui\\StoreProvider.tsx": {"path":"C:\\Users\\79876\\OneDrive\\Рабочий стол\\Neoflex\\neo2\\Bank\\src\\app\\providers\\StoreProvider\\ui\\StoreProvider.tsx","statementMap":{"0":{"start":{"line":11,"column":29},"end":{"line":17,"column":1}},"1":{"start":{"line":12,"column":37},"end":{"line":12,"column":42}},"2":{"start":{"line":14,"column":16},"end":{"line":14,"column":62}},"3":{"start":{"line":16,"column":2},"end":{"line":16,"column":54}}},"fnMap":{"0":{"name":"(anonymous_0)","decl":{"start":{"line":11,"column":29},"end":{"line":11,"column":30}},"loc":{"start":{"line":11,"column":61},"end":{"line":17,"column":1}},"line":11}},"branchMap":{},"s":{"0":6,"1":21,"2":21,"3":21},"f":{"0":21},"b":{},"_coverageSchema":"1a1c01bbd47fc00a2c39e90264f33305004495a9","hash":"136ae14e7c24cc2cce22a846af8f0e7886f414bd"}
,"C:\\Users\\79876\\OneDrive\\Рабочий стол\\Neoflex\\neo2\\Bank\\src\\app\\providers\\router\\config\\routerConfig.tsx": {"path":"C:\\Users\\79876\\OneDrive\\Рабочий стол\\Neoflex\\neo2\\Bank\\src\\app\\providers\\router\\config\\routerConfig.tsx","statementMap":{"0":{"start":{"line":32,"column":58},"end":{"line":77,"column":1}}},"fnMap":{},"branchMap":{},"s":{"0":0},"f":{},"b":{}}
,"C:\\Users\\79876\\OneDrive\\Рабочий стол\\Neoflex\\neo2\\Bank\\src\\app\\providers\\router\\ui\\AppRouter\\AppRouter.tsx": {"path":"C:\\Users\\79876\\OneDrive\\Рабочий стол\\Neoflex\\neo2\\Bank\\src\\app\\providers\\router\\ui\\AppRouter\\AppRouter.tsx","statementMap":{"0":{"start":{"line":4,"column":18},"end":{"line":14,"column":1}},"1":{"start":{"line":5,"column":20},"end":{"line":9,"column":3}},"2":{"start":{"line":6,"column":30},"end":{"line":6,"column":35}},"3":{"start":{"line":8,"column":4},"end":{"line":8,"column":61}},"4":{"start":{"line":11,"column":23},"end":{"line":11,"column":64}},"5":{"start":{"line":13,"column":2},"end":{"line":13,"column":40}}},"fnMap":{"0":{"name":"(anonymous_0)","decl":{"start":{"line":4,"column":18},"end":{"line":4,"column":19}},"loc":{"start":{"line":4,"column":24},"end":{"line":14,"column":1}},"line":4},"1":{"name":"(anonymous_1)","decl":{"start":{"line":5,"column":20},"end":{"line":5,"column":21}},"loc":{"start":{"line":5,"column":43},"end":{"line":9,"column":3}},"line":5}},"branchMap":{},"s":{"0":0,"1":0,"2":0,"3":0,"4":0,"5":0},"f":{"0":0,"1":0},"b":{}}
,"C:\\Users\\79876\\OneDrive\\Рабочий стол\\Neoflex\\neo2\\Bank\\src\\app\\providers\\router\\ui\\ProtectedRoute\\ProtectedRoute.lazy.ts": {"path":"C:\\Users\\79876\\OneDrive\\Рабочий стол\\Neoflex\\neo2\\Bank\\src\\app\\providers\\router\\ui\\ProtectedRoute\\ProtectedRoute.lazy.ts","statementMap":{"0":{"start":{"line":3,"column":34},"end":{"line":3,"column":72}},"1":{"start":{"line":3,"column":45},"end":{"line":3,"column":71}}},"fnMap":{"0":{"name":"(anonymous_0)","decl":{"start":{"line":3,"column":39},"end":{"line":3,"column":40}},"loc":{"start":{"line":3,"column":45},"end":{"line":3,"column":71}},"line":3}},"branchMap":{},"s":{"0":0,"1":0},"f":{"0":0},"b":{}}
,"C:\\Users\\79876\\OneDrive\\Рабочий стол\\Neoflex\\neo2\\Bank\\src\\app\\providers\\router\\ui\\ProtectedRoute\\ProtectedRoute.tsx": {"path":"C:\\Users\\79876\\OneDrive\\Рабочий стол\\Neoflex\\neo2\\Bank\\src\\app\\providers\\router\\ui\\ProtectedRoute\\ProtectedRoute.tsx","statementMap":{"0":{"start":{"line":13,"column":23},"end":{"line":28,"column":1}},"1":{"start":{"line":14,"column":51},"end":{"line":14,"column":56}},"2":{"start":{"line":15,"column":19},"end":{"line":15,"column":49}},"3":{"start":{"line":16,"column":28},"end":{"line":16,"column":67}},"4":{"start":{"line":17,"column":28},"end":{"line":17,"column":39}},"5":{"start":{"line":19,"column":2},"end":{"line":21,"column":3}},"6":{"start":{"line":20,"column":4},"end":{"line":20,"column":84}},"7":{"start":{"line":23,"column":2},"end":{"line":25,"column":3}},"8":{"start":{"line":24,"column":4},"end":{"line":24,"column":60}},"9":{"start":{"line":27,"column":2},"end":{"line":27,"column":17}}},"fnMap":{"0":{"name":"(anonymous_0)","decl":{"start":{"line":13,"column":23},"end":{"line":13,"column":24}},"loc":{"start":{"line":13,"column":51},"end":{"line":28,"column":1}},"line":13}},"branchMap":{"0":{"loc":{"start":{"line":19,"column":2},"end":{"line":21,"column":3}},"type":"if","locations":[{"start":{"line":19,"column":2},"end":{"line":21,"column":3}},{"start":{},"end":{}}],"line":19},"1":{"loc":{"start":{"line":20,"column":11},"end":{"line":20,"column":84}},"type":"cond-expr","locations":[{"start":{"line":20,"column":57},"end":{"line":20,"column":65}},{"start":{"line":20,"column":68},"end":{"line":20,"column":84}}],"line":20},"2":{"loc":{"start":{"line":23,"column":2},"end":{"line":25,"column":3}},"type":"if","locations":[{"start":{"line":23,"column":2},"end":{"line":25,"column":3}},{"start":{},"end":{}}],"line":23},"3":{"loc":{"start":{"line":24,"column":11},"end":{"line":24,"column":60}},"type":"cond-expr","locations":[{"start":{"line":24,"column":33},"end":{"line":24,"column":41}},{"start":{"line":24,"column":44},"end":{"line":24,"column":60}}],"line":24}},"s":{"0":0,"1":0,"2":0,"3":0,"4":0,"5":0,"6":0,"7":0,"8":0,"9":0},"f":{"0":0},"b":{"0":[0,0],"1":[0,0],"2":[0,0],"3":[0,0]}}
,"C:\\Users\\79876\\OneDrive\\Рабочий стол\\Neoflex\\neo2\\Bank\\src\\app\\types\\global.d.ts": {"path":"C:\\Users\\79876\\OneDrive\\Рабочий стол\\Neoflex\\neo2\\Bank\\src\\app\\types\\global.d.ts","statementMap":{},"fnMap":{},"branchMap":{},"s":{},"f":{},"b":{}}
,"C:\\Users\\79876\\OneDrive\\Рабочий стол\\Neoflex\\neo2\\Bank\\src\\app\\widgets\\CardSelector\\CardSelector.tsx": {"path":"C:\\Users\\79876\\OneDrive\\Рабочий стол\\Neoflex\\neo2\\Bank\\src\\app\\widgets\\CardSelector\\CardSelector.tsx","statementMap":{"0":{"start":{"line":6,"column":38},"end":{"line":22,"column":1}},"1":{"start":{"line":8,"column":2},"end":{"line":21,"column":4}}},"fnMap":{"0":{"name":"(anonymous_0)","decl":{"start":{"line":6,"column":38},"end":{"line":6,"column":39}},"loc":{"start":{"line":6,"column":44},"end":{"line":22,"column":1}},"line":6}},"branchMap":{},"s":{"0":0,"1":0},"f":{"0":0},"b":{}}
,"C:\\Users\\79876\\OneDrive\\Рабочий стол\\Neoflex\\neo2\\Bank\\src\\app\\widgets\\Confirmation\\ui\\Confirmation.tsx": {"path":"C:\\Users\\79876\\OneDrive\\Рабочий стол\\Neoflex\\neo2\\Bank\\src\\app\\widgets\\Confirmation\\ui\\Confirmation.tsx","statementMap":{"0":{"start":{"line":12,"column":24},"end":{"line":12,"column":25}},"1":{"start":{"line":14,"column":28},"end":{"line":35,"column":1}},"2":{"start":{"line":15,"column":19},"end":{"line":15,"column":35}},"3":{"start":{"line":16,"column":24},"end":{"line":16,"column":63}},"4":{"start":{"line":17,"column":16},"end":{"line":17,"column":41}},"5":{"start":{"line":19,"column":23},"end":{"line":27,"column":3}},"6":{"start":{"line":20,"column":4},"end":{"line":22,"column":5}},"7":{"start":{"line":21,"column":6},"end":{"line":21,"column":40}},"8":{"start":{"line":24,"column":4},"end":{"line":26,"column":5}},"9":{"start":{"line":25,"column":6},"end":{"line":25,"column":52}},"10":{"start":{"line":29,"column":2},"end":{"line":34,"column":3}}},"fnMap":{"0":{"name":"(anonymous_0)","decl":{"start":{"line":14,"column":28},"end":{"line":14,"column":29}},"loc":{"start":{"line":14,"column":34},"end":{"line":35,"column":1}},"line":14},"1":{"name":"(anonymous_1)","decl":{"start":{"line":19,"column":23},"end":{"line":19,"column":24}},"loc":{"start":{"line":19,"column":41},"end":{"line":27,"column":3}},"line":19}},"branchMap":{"0":{"loc":{"start":{"line":20,"column":4},"end":{"line":22,"column":5}},"type":"if","locations":[{"start":{"line":20,"column":4},"end":{"line":22,"column":5}},{"start":{},"end":{}}],"line":20},"1":{"loc":{"start":{"line":24,"column":4},"end":{"line":26,"column":5}},"type":"if","locations":[{"start":{"line":24,"column":4},"end":{"line":26,"column":5}},{"start":{},"end":{}}],"line":24},"2":{"loc":{"start":{"line":24,"column":8},"end":{"line":24,"column":56}},"type":"binary-expr","locations":[{"start":{"line":24,"column":8},"end":{"line":24,"column":39}},{"start":{"line":24,"column":43},"end":{"line":24,"column":56}}],"line":24}},"s":{"0":0,"1":0,"2":0,"3":0,"4":0,"5":0,"6":0,"7":0,"8":0,"9":0,"10":0},"f":{"0":0,"1":0},"b":{"0":[0,0],"1":[0,0],"2":[0,0]}}
,"C:\\Users\\79876\\OneDrive\\Рабочий стол\\Neoflex\\neo2\\Bank\\src\\app\\widgets\\Congratulations\\ui\\Congratulations.tsx": {"path":"C:\\Users\\79876\\OneDrive\\Рабочий стол\\Neoflex\\neo2\\Bank\\src\\app\\widgets\\Congratulations\\ui\\Congratulations.tsx","statementMap":{"0":{"start":{"line":10,"column":31},"end":{"line":38,"column":1}},"1":{"start":{"line":11,"column":19},"end":{"line":11,"column":35}},"2":{"start":{"line":13,"column":2},"end":{"line":19,"column":8}},"3":{"start":{"line":14,"column":4},"end":{"line":18,"column":5}},"4":{"start":{"line":15,"column":6},"end":{"line":15,"column":51}},"5":{"start":{"line":16,"column":6},"end":{"line":16,"column":50}},"6":{"start":{"line":17,"column":6},"end":{"line":17,"column":43}},"7":{"start":{"line":21,"column":2},"end":{"line":37,"column":3}}},"fnMap":{"0":{"name":"(anonymous_0)","decl":{"start":{"line":10,"column":31},"end":{"line":10,"column":32}},"loc":{"start":{"line":10,"column":37},"end":{"line":38,"column":1}},"line":10},"1":{"name":"(anonymous_1)","decl":{"start":{"line":13,"column":12},"end":{"line":13,"column":13}},"loc":{"start":{"line":13,"column":18},"end":{"line":19,"column":3}},"line":13},"2":{"name":"(anonymous_2)","decl":{"start":{"line":14,"column":11},"end":{"line":14,"column":12}},"loc":{"start":{"line":14,"column":17},"end":{"line":18,"column":5}},"line":14}},"branchMap":{},"s":{"0":0,"1":0,"2":0,"3":0,"4":0,"5":0,"6":0,"7":0},"f":{"0":0,"1":0,"2":0},"b":{}}
,"C:\\Users\\79876\\OneDrive\\Рабочий стол\\Neoflex\\neo2\\Bank\\src\\app\\widgets\\CurrencyWidget\\CurrencyWidget.tsx": {"path":"C:\\Users\\79876\\OneDrive\\Рабочий стол\\Neoflex\\neo2\\Bank\\src\\app\\widgets\\CurrencyWidget\\CurrencyWidget.tsx","statementMap":{"0":{"start":{"line":11,"column":40},"end":{"line":50,"column":1}},"1":{"start":{"line":12,"column":19},"end":{"line":12,"column":45}},"2":{"start":{"line":13,"column":29},"end":{"line":13,"column":78}},"3":{"start":{"line":13,"column":63},"end":{"line":13,"column":77}},"4":{"start":{"line":15,"column":23},"end":{"line":15,"column":28}},"5":{"start":{"line":16,"column":26},"end":{"line":16,"column":40}},"6":{"start":{"line":18,"column":2},"end":{"line":25,"column":48}},"7":{"start":{"line":19,"column":4},"end":{"line":19,"column":47}},"8":{"start":{"line":20,"column":21},"end":{"line":22,"column":23}},"9":{"start":{"line":21,"column":6},"end":{"line":21,"column":49}},"10":{"start":{"line":24,"column":4},"end":{"line":24,"column":41}},"11":{"start":{"line":24,"column":17},"end":{"line":24,"column":40}},"12":{"start":{"line":27,"column":22},"end":{"line":27,"column":53}},"13":{"start":{"line":29,"column":2},"end":{"line":49,"column":4}},"14":{"start":{"line":36,"column":12},"end":{"line":39,"column":17}}},"fnMap":{"0":{"name":"(anonymous_0)","decl":{"start":{"line":11,"column":40},"end":{"line":11,"column":41}},"loc":{"start":{"line":11,"column":46},"end":{"line":50,"column":1}},"line":11},"1":{"name":"(anonymous_1)","decl":{"start":{"line":13,"column":41},"end":{"line":13,"column":42}},"loc":{"start":{"line":13,"column":63},"end":{"line":13,"column":77}},"line":13},"2":{"name":"(anonymous_2)","decl":{"start":{"line":18,"column":12},"end":{"line":18,"column":13}},"loc":{"start":{"line":18,"column":18},"end":{"line":25,"column":3}},"line":18},"3":{"name":"(anonymous_3)","decl":{"start":{"line":20,"column":33},"end":{"line":20,"column":34}},"loc":{"start":{"line":20,"column":39},"end":{"line":22,"column":5}},"line":20},"4":{"name":"(anonymous_4)","decl":{"start":{"line":24,"column":11},"end":{"line":24,"column":12}},"loc":{"start":{"line":24,"column":17},"end":{"line":24,"column":40}},"line":24},"5":{"name":"(anonymous_5)","decl":{"start":{"line":35,"column":21},"end":{"line":35,"column":22}},"loc":{"start":{"line":36,"column":12},"end":{"line":39,"column":17}},"line":36}},"branchMap":{"0":{"loc":{"start":{"line":38,"column":18},"end":{"line":38,"column":76}},"type":"cond-expr","locations":[{"start":{"line":38,"column":35},"end":{"line":38,"column":68}},{"start":{"line":38,"column":71},"end":{"line":38,"column":76}}],"line":38}},"s":{"0":1,"1":6,"2":6,"3":12,"4":6,"5":6,"6":6,"7":6,"8":6,"9":0,"10":6,"11":6,"12":6,"13":6,"14":9},"f":{"0":6,"1":12,"2":6,"3":0,"4":6,"5":9},"b":{"0":[8,1]},"_coverageSchema":"1a1c01bbd47fc00a2c39e90264f33305004495a9","hash":"6d3716ea9d949e955a7dffea13997804f08d59d6"}
,"C:\\Users\\79876\\OneDrive\\Рабочий стол\\Neoflex\\neo2\\Bank\\src\\app\\widgets\\Denied\\ui\\Denied.tsx": {"path":"C:\\Users\\79876\\OneDrive\\Рабочий стол\\Neoflex\\neo2\\Bank\\src\\app\\widgets\\Denied\\ui\\Denied.tsx","statementMap":{"0":{"start":{"line":10,"column":22},"end":{"line":39,"column":1}},"1":{"start":{"line":11,"column":19},"end":{"line":11,"column":35}},"2":{"start":{"line":12,"column":19},"end":{"line":12,"column":32}},"3":{"start":{"line":14,"column":2},"end":{"line":21,"column":8}},"4":{"start":{"line":15,"column":4},"end":{"line":20,"column":5}},"5":{"start":{"line":16,"column":6},"end":{"line":16,"column":30}},"6":{"start":{"line":17,"column":6},"end":{"line":17,"column":51}},"7":{"start":{"line":18,"column":6},"end":{"line":18,"column":50}},"8":{"start":{"line":19,"column":6},"end":{"line":19,"column":43}},"9":{"start":{"line":23,"column":18},"end":{"line":25,"column":3}},"10":{"start":{"line":24,"column":4},"end":{"line":24,"column":28}},"11":{"start":{"line":27,"column":2},"end":{"line":38,"column":3}}},"fnMap":{"0":{"name":"(anonymous_0)","decl":{"start":{"line":10,"column":22},"end":{"line":10,"column":23}},"loc":{"start":{"line":10,"column":28},"end":{"line":39,"column":1}},"line":10},"1":{"name":"(anonymous_1)","decl":{"start":{"line":14,"column":12},"end":{"line":14,"column":13}},"loc":{"start":{"line":14,"column":18},"end":{"line":21,"column":3}},"line":14},"2":{"name":"(anonymous_2)","decl":{"start":{"line":15,"column":11},"end":{"line":15,"column":12}},"loc":{"start":{"line":15,"column":17},"end":{"line":20,"column":5}},"line":15},"3":{"name":"(anonymous_3)","decl":{"start":{"line":23,"column":18},"end":{"line":23,"column":19}},"loc":{"start":{"line":23,"column":24},"end":{"line":25,"column":3}},"line":23}},"branchMap":{},"s":{"0":0,"1":0,"2":0,"3":0,"4":0,"5":0,"6":0,"7":0,"8":0,"9":0,"10":0,"11":0},"f":{"0":0,"1":0,"2":0,"3":0},"b":{}}
,"C:\\Users\\79876\\OneDrive\\Рабочий стол\\Neoflex\\neo2\\Bank\\src\\app\\widgets\\Features\\Features.tsx": {"path":"C:\\Users\\79876\\OneDrive\\Рабочий стол\\Neoflex\\neo2\\Bank\\src\\app\\widgets\\Features\\Features.tsx","statementMap":{"0":{"start":{"line":5,"column":17},"end":{"line":10,"column":1}},"1":{"start":{"line":12,"column":34},"end":{"line":33,"column":1}},"2":{"start":{"line":13,"column":2},"end":{"line":32,"column":4}},"3":{"start":{"line":24,"column":14},"end":{"line":26,"column":19}}},"fnMap":{"0":{"name":"(anonymous_0)","decl":{"start":{"line":12,"column":34},"end":{"line":12,"column":35}},"loc":{"start":{"line":12,"column":40},"end":{"line":33,"column":1}},"line":12},"1":{"name":"(anonymous_1)","decl":{"start":{"line":23,"column":26},"end":{"line":23,"column":27}},"loc":{"start":{"line":24,"column":14},"end":{"line":26,"column":19}},"line":24}},"branchMap":{},"s":{"0":0,"1":0,"2":0,"3":0},"f":{"0":0,"1":0},"b":{}}
,"C:\\Users\\79876\\OneDrive\\Рабочий стол\\Neoflex\\neo2\\Bank\\src\\app\\widgets\\Info\\Info.tsx": {"path":"C:\\Users\\79876\\OneDrive\\Рабочий стол\\Neoflex\\neo2\\Bank\\src\\app\\widgets\\Info\\Info.tsx","statementMap":{"0":{"start":{"line":9,"column":40},"end":{"line":14,"column":1}},"1":{"start":{"line":16,"column":20},"end":{"line":41,"column":1}},"2":{"start":{"line":17,"column":41},"end":{"line":17,"column":53}},"3":{"start":{"line":19,"column":36},"end":{"line":21,"column":3}},"4":{"start":{"line":23,"column":25},"end":{"line":26,"column":8}},"5":{"start":{"line":24,"column":4},"end":{"line":24,"column":23}},"6":{"start":{"line":25,"column":4},"end":{"line":25,"column":65}},"7":{"start":{"line":28,"column":24},"end":{"line":28,"column":39}},"8":{"start":{"line":30,"column":2},"end":{"line":40,"column":3}}},"fnMap":{"0":{"name":"(anonymous_0)","decl":{"start":{"line":16,"column":20},"end":{"line":16,"column":21}},"loc":{"start":{"line":16,"column":26},"end":{"line":41,"column":1}},"line":16},"1":{"name":"(anonymous_1)","decl":{"start":{"line":23,"column":37},"end":{"line":23,"column":38}},"loc":{"start":{"line":23,"column":56},"end":{"line":26,"column":3}},"line":23}},"branchMap":{"0":{"loc":{"start":{"line":20,"column":4},"end":{"line":20,"column":74}},"type":"binary-expr","locations":[{"start":{"line":20,"column":4},"end":{"line":20,"column":58}},{"start":{"line":20,"column":62},"end":{"line":20,"column":74}}],"line":20}},"s":{"0":0,"1":0,"2":0,"3":0,"4":0,"5":0,"6":0,"7":0,"8":0},"f":{"0":0,"1":0},"b":{"0":[0,0]}}
,"C:\\Users\\79876\\OneDrive\\Рабочий стол\\Neoflex\\neo2\\Bank\\src\\app\\widgets\\Info\\AboutCard\\AboutCard.tsx": {"path":"C:\\Users\\79876\\OneDrive\\Рабочий стол\\Neoflex\\neo2\\Bank\\src\\app\\widgets\\Info\\AboutCard\\AboutCard.tsx","statementMap":{"0":{"start":{"line":8,"column":25},"end":{"line":47,"column":1}},"1":{"start":{"line":9,"column":2},"end":{"line":46,"column":3}}},"fnMap":{"0":{"name":"(anonymous_0)","decl":{"start":{"line":8,"column":25},"end":{"line":8,"column":26}},"loc":{"start":{"line":8,"column":31},"end":{"line":47,"column":1}},"line":8}},"branchMap":{},"s":{"0":0,"1":0},"f":{"0":0},"b":{}}
,"C:\\Users\\79876\\OneDrive\\Рабочий стол\\Neoflex\\neo2\\Bank\\src\\app\\widgets\\Info\\Cashback\\Cashback.tsx": {"path":"C:\\Users\\79876\\OneDrive\\Рабочий стол\\Neoflex\\neo2\\Bank\\src\\app\\widgets\\Info\\Cashback\\Cashback.tsx","statementMap":{"0":{"start":{"line":3,"column":24},"end":{"line":36,"column":1}},"1":{"start":{"line":4,"column":2},"end":{"line":35,"column":3}}},"fnMap":{"0":{"name":"(anonymous_0)","decl":{"start":{"line":3,"column":24},"end":{"line":3,"column":25}},"loc":{"start":{"line":3,"column":30},"end":{"line":36,"column":1}},"line":3}},"branchMap":{},"s":{"0":0,"1":0},"f":{"0":0},"b":{}}
[...]
umn":5}},"22":{"start":{"line":53,"column":6},"end":{"line":60,"column":7}},"23":{"start":{"line":54,"column":8},"end":{"line":54,"column":26}},"24":{"start":{"line":55,"column":8},"end":{"line":59,"column":27}},"25":{"start":{"line":56,"column":10},"end":{"line":56,"column":19}},"26":{"start":{"line":57,"column":10},"end":{"line":57,"column":29}},"27":{"start":{"line":58,"column":10},"end":{"line":58,"column":28}},"28":{"start":{"line":63,"column":23},"end":{"line":66,"column":5}},"29":{"start":{"line":68,"column":4},"end":{"line":70,"column":5}},"30":{"start":{"line":69,"column":6},"end":{"line":69,"column":17}},"31":{"start":{"line":72,"column":4},"end":{"line":90,"column":5}}},"fnMap":{"0":{"name":"(anonymous_0)","decl":{"start":{"line":19,"column":13},"end":{"line":19,"column":14}},"loc":{"start":{"line":19,"column":66},"end":{"line":91,"column":3}},"line":19},"1":{"name":"(anonymous_1)","decl":{"start":{"line":25,"column":14},"end":{"line":25,"column":15}},"loc":{"start":{"line":25,"column":20},"end":{"line":32,"column":5}},"line":25},"2":{"name":"(anonymous_2)","decl":{"start":{"line":28,"column":19},"end":{"line":28,"column":20}},"loc":{"start":{"line":28,"column":25},"end":{"line":30,"column":9}},"line":28},"3":{"name":"(anonymous_3)","decl":{"start":{"line":34,"column":14},"end":{"line":34,"column":15}},"loc":{"start":{"line":34,"column":20},"end":{"line":44,"column":5}},"line":34},"4":{"name":"(anonymous_4)","decl":{"start":{"line":40,"column":13},"end":{"line":40,"column":14}},"loc":{"start":{"line":40,"column":19},"end":{"line":43,"column":7}},"line":40},"5":{"name":"(anonymous_5)","decl":{"start":{"line":46,"column":22},"end":{"line":46,"column":23}},"loc":{"start":{"line":46,"column":44},"end":{"line":50,"column":5}},"line":46},"6":{"name":"(anonymous_6)","decl":{"start":{"line":52,"column":27},"end":{"line":52,"column":28}},"loc":{"start":{"line":52,"column":33},"end":{"line":61,"column":5}},"line":52},"7":{"name":"(anonymous_7)","decl":{"start":{"line":55,"column":19},"end":{"line":55,"column":20}},"loc":{"start":{"line":55,"column":25},"end":{"line":59,"column":9}},"line":55}},"branchMap":{"0":{"loc":{"start":{"line":26,"column":6},"end":{"line":31,"column":7}},"type":"if","locations":[{"start":{"line":26,"column":6},"end":{"line":31,"column":7}},{"start":{},"end":{}}],"line":26},"1":{"loc":{"start":{"line":35,"column":6},"end":{"line":38,"column":7}},"type":"if","locations":[{"start":{"line":35,"column":6},"end":{"line":38,"column":7}},{"start":{},"end":{}}],"line":35},"2":{"loc":{"start":{"line":47,"column":6},"end":{"line":49,"column":7}},"type":"if","locations":[{"start":{"line":47,"column":6},"end":{"line":49,"column":7}},{"start":{},"end":{}}],"line":47},"3":{"loc":{"start":{"line":53,"column":6},"end":{"line":60,"column":7}},"type":"if","locations":[{"start":{"line":53,"column":6},"end":{"line":60,"column":7}},{"start":{},"end":{}}],"line":53},"4":{"loc":{"start":{"line":68,"column":4},"end":{"line":70,"column":5}},"type":"if","locations":[{"start":{"line":68,"column":4},"end":{"line":70,"column":5}},{"start":{},"end":{}}],"line":68},"5":{"loc":{"start":{"line":68,"column":8},"end":{"line":68,"column":26}},"type":"binary-expr","locations":[{"start":{"line":68,"column":8},"end":{"line":68,"column":12}},{"start":{"line":68,"column":16},"end":{"line":68,"column":26}}],"line":68},"6":{"loc":{"start":{"line":78,"column":13},"end":{"line":86,"column":13}},"type":"binary-expr","locations":[{"start":{"line":78,"column":13},"end":{"line":78,"column":24}},{"start":{"line":79,"column":14},"end":{"line":85,"column":23}}],"line":78}},"s":{"0":10,"1":10,"2":0,"3":0,"4":0,"5":0,"6":0,"7":0,"8":0,"9":0,"10":0,"11":0,"12":0,"13":0,"14":0,"15":0,"16":0,"17":0,"18":0,"19":0,"20":0,"21":0,"22":0,"23":0,"24":0,"25":0,"26":0,"27":0,"28":0,"29":0,"30":0,"31":0},"f":{"0":0,"1":0,"2":0,"3":0,"4":0,"5":0,"6":0,"7":0},"b":{"0":[0,0],"1":[0,0],"2":[0,0],"3":[0,0],"4":[0,0],"5":[0,0],"6":[0,0]},"_coverageSchema":"1a1c01bbd47fc00a2c39e90264f33305004495a9","hash":"4dd6fd9510c71ecf437d4c4723767369f63af97c"}
,"C:\\Users\\79876\\OneDrive\\Рабочий стол\\Neoflex\\neo2\\Bank\\src\\common\\ui\\Portal\\Portal.tsx": {"path":"C:\\Users\\79876\\OneDrive\\Рабочий стол\\Neoflex\\neo2\\Bank\\src\\common\\ui\\Portal\\Portal.tsx","statementMap":{"0":{"start":{"line":9,"column":22},"end":{"line":13,"column":1}},"1":{"start":{"line":10,"column":48},"end":{"line":10,"column":53}},"2":{"start":{"line":12,"column":2},"end":{"line":12,"column":40}}},"fnMap":{"0":{"name":"(anonymous_0)","decl":{"start":{"line":9,"column":22},"end":{"line":9,"column":23}},"loc":{"start":{"line":9,"column":46},"end":{"line":13,"column":1}},"line":9}},"branchMap":{"0":{"loc":{"start":{"line":10,"column":20},"end":{"line":10,"column":43}},"type":"default-arg","locations":[{"start":{"line":10,"column":30},"end":{"line":10,"column":43}}],"line":10}},"s":{"0":10,"1":0,"2":0},"f":{"0":0},"b":{"0":[0]},"_coverageSchema":"1a1c01bbd47fc00a2c39e90264f33305004495a9","hash":"5a57e5a3b320ec3461fd7b3ed02db182d4aeadcd"}
,"C:\\Users\\79876\\OneDrive\\Рабочий стол\\Neoflex\\neo2\\Bank\\src\\common\\ui\\Select\\Select.tsx": {"path":"C:\\Users\\79876\\OneDrive\\Рабочий стол\\Neoflex\\neo2\\Bank\\src\\common\\ui\\Select\\Select.tsx","statementMap":{"0":{"start":{"line":21,"column":22},"end":{"line":88,"column":1}},"1":{"start":{"line":33,"column":8},"end":{"line":33,"column":13}},"2":{"start":{"line":35,"column":24},"end":{"line":43,"column":5}},"3":{"start":{"line":37,"column":8},"end":{"line":41,"column":10}},"4":{"start":{"line":38,"column":10},"end":{"line":40,"column":19}},"5":{"start":{"line":45,"column":23},"end":{"line":45,"column":64}},"6":{"start":{"line":47,"column":4},"end":{"line":69,"column":5}},"7":{"start":{"line":48,"column":6},"end":{"line":68,"column":7}},"8":{"start":{"line":71,"column":4},"end":{"line":86,"column":5}}},"fnMap":{"0":{"name":"(anonymous_0)","decl":{"start":{"line":22,"column":46},"end":{"line":22,"column":47}},"loc":{"start":{"line":22,"column":62},"end":{"line":87,"column":3}},"line":22},"1":{"name":"(anonymous_1)","decl":{"start":{"line":36,"column":6},"end":{"line":36,"column":7}},"loc":{"start":{"line":37,"column":8},"end":{"line":41,"column":10}},"line":37},"2":{"name":"(anonymous_2)","decl":{"start":{"line":37,"column":21},"end":{"line":37,"column":22}},"loc":{"start":{"line":38,"column":10},"end":{"line":40,"column":19}},"line":38}},"branchMap":{"0":{"loc":{"start":{"line":45,"column":42},"end":{"line":45,"column":62}},"type":"binary-expr","locations":[{"start":{"line":45,"column":42},"end":{"line":45,"column":53}},{"start":{"line":45,"column":57},"end":{"line":45,"column":62}}],"line":45},"1":{"loc":{"start":{"line":47,"column":4},"end":{"line":69,"column":5}},"type":"if","locations":[{"start":{"line":47,"column":4},"end":{"line":69,"column":5}},{"start":{},"end":{}}],"line":47},"2":{"loc":{"start":{"line":61,"column":15},"end":{"line":61,"column":57}},"type":"binary-expr","locations":[{"start":{"line":61,"column":15},"end":{"line":61,"column":20}},{"start":{"line":61,"column":24},"end":{"line":61,"column":57}}],"line":61},"3":{"loc":{"start":{"line":66,"column":11},"end":{"line":66,"column":81}},"type":"binary-expr","locations":[{"start":{"line":66,"column":11},"end":{"line":66,"column":16}},{"start":{"line":66,"column":20},"end":{"line":66,"column":31}},{"start":{"line":66,"column":35},"end":{"line":66,"column":81}}],"line":66},"4":{"loc":{"start":{"line":80,"column":11},"end":{"line":80,"column":53}},"type":"binary-expr","locations":[{"start":{"line":80,"column":11},"end":{"line":80,"column":16}},{"start":{"line":80,"column":20},"end":{"line":80,"column":53}}],"line":80},"5":{"loc":{"start":{"line":84,"column":9},"end":{"line":84,"column":79}},"type":"binary-expr","locations":[{"start":{"line":84,"column":9},"end":{"line":84,"column":14}},{"start":{"line":84,"column":18},"end":{"line":84,"column":29}},{"start":{"line":84,"column":33},"end":{"line":84,"column":79}}],"line":84}},"s":{"0":10,"1":110,"2":110,"3":110,"4":422,"5":110,"6":110,"7":110,"8":0},"f":{"0":110,"1":110,"2":422},"b":{"0":[110,10],"1":[110,0],"2":[110,90],"3":[110,5,5],"4":[0,0],"5":[0,0,0]},"_coverageSchema":"1a1c01bbd47fc00a2c39e90264f33305004495a9","hash":"f88542fd091653ba80ca5626ab0f5b9843f4711e"}
,"C:\\Users\\79876\\OneDrive\\Рабочий стол\\Neoflex\\neo2\\Bank\\src\\common\\ui\\Skeleton\\Skeleton.tsx": {"path":"C:\\Users\\79876\\OneDrive\\Рабочий стол\\Neoflex\\neo2\\Bank\\src\\common\\ui\\Skeleton\\Skeleton.tsx","statementMap":{"0":{"start":{"line":12,"column":24},"end":{"line":27,"column":2}},"1":{"start":{"line":13,"column":47},"end":{"line":13,"column":52}},"2":{"start":{"line":15,"column":32},"end":{"line":19,"column":3}},"3":{"start":{"line":20,"column":2},"end":{"line":26,"column":3}}},"fnMap":{"0":{"name":"(anonymous_0)","decl":{"start":{"line":12,"column":29},"end":{"line":12,"column":30}},"loc":{"start":{"line":12,"column":56},"end":{"line":27,"column":1}},"line":12}},"branchMap":{},"s":{"0":10,"1":0,"2":0,"3":0},"f":{"0":0},"b":{},"_coverageSchema":"1a1c01bbd47fc00a2c39e90264f33305004495a9","hash":"d66f2d3674f0e050f1188a72bc2463272ea71bc2"}
,"C:\\Users\\79876\\OneDrive\\Рабочий стол\\Neoflex\\neo2\\Bank\\src\\common\\ui\\Tabs\\Tabs.tsx": {"path":"C:\\Users\\79876\\OneDrive\\Рабочий стол\\Neoflex\\neo2\\Bank\\src\\common\\ui\\Tabs\\Tabs.tsx","statementMap":{"0":{"start":{"line":13,"column":20},"end":{"line":35,"column":2}},"1":{"start":{"line":14,"column":57},"end":{"line":14,"column":62}},"2":{"start":{"line":16,"column":2},"end":{"line":34,"column":3}},"3":{"start":{"line":19,"column":21},"end":{"line":19,"column":64}},"4":{"start":{"line":21,"column":8},"end":{"line":31,"column":9}},"5":{"start":{"line":26,"column":29},"end":{"line":26,"column":48}}},"fnMap":{"0":{"name":"(anonymous_0)","decl":{"start":{"line":13,"column":25},"end":{"line":13,"column":26}},"loc":{"start":{"line":13,"column":48},"end":{"line":35,"column":1}},"line":13},"1":{"name":"(anonymous_1)","decl":{"start":{"line":18,"column":16},"end":{"line":18,"column":17}},"loc":{"start":{"line":18,"column":25},"end":{"line":32,"column":7}},"line":18},"2":{"name":"(anonymous_2)","decl":{"start":{"line":26,"column":23},"end":{"line":26,"column":24}},"loc":{"start":{"line":26,"column":29},"end":{"line":26,"column":48}},"line":26}},"branchMap":{},"s":{"0":10,"1":0,"2":0,"3":0,"4":0,"5":0},"f":{"0":0,"1":0,"2":0},"b":{},"_coverageSchema":"1a1c01bbd47fc00a2c39e90264f33305004495a9","hash":"93dff5b69a84801b0d7d2391173478446b212e06"}
,"C:\\Users\\79876\\OneDrive\\Рабочий стол\\Neoflex\\neo2\\Bank\\src\\common\\ui\\Tooltip\\Tooltip.tsx": {"path":"C:\\Users\\79876\\OneDrive\\Рабочий стол\\Neoflex\\neo2\\Bank\\src\\common\\ui\\Tooltip\\Tooltip.tsx","statementMap":{"0":{"start":{"line":5,"column":26},"end":{"line":5,"column":29}},"1":{"start":{"line":12,"column":23},"end":{"line":34,"column":2}},"2":{"start":{"line":13,"column":29},"end":{"line":13,"column":34}},"3":{"start":{"line":14,"column":36},"end":{"line":14,"column":51}},"4":{"start":{"line":15,"column":21},"end":{"line":15,"column":60}},"5":{"start":{"line":17,"column":23},"end":{"line":19,"column":3}},"6":{"start":{"line":18,"column":4},"end":{"line":18,"column":80}},"7":{"start":{"line":18,"column":42},"end":{"line":18,"column":60}},"8":{"start":{"line":21,"column":23},"end":{"line":24,"column":3}},"9":{"start":{"line":22,"column":4},"end":{"line":22,"column":36}},"10":{"start":{"line":23,"column":4},"end":{"line":23,"column":23}},"11":{"start":{"line":26,"column":21},"end":{"line":26,"column":63}},"12":{"start":{"line":28,"column":2},"end":{"line":33,"column":3}}},"fnMap":{"0":{"name":"(anonymous_0)","decl":{"start":{"line":12,"column":28},"end":{"line":12,"column":29}},"loc":{"start":{"line":12,"column":54},"end":{"line":34,"column":1}},"line":12},"1":{"name":"(anonymous_1)","decl":{"start":{"line":17,"column":23},"end":{"line":17,"column":24}},"loc":{"start":{"line":17,"column":29},"end":{"line":19,"column":3}},"line":17},"2":{"name":"(anonymous_2)","decl":{"start":{"line":18,"column":36},"end":{"line":18,"column":37}},"loc":{"start":{"line":18,"column":42},"end":{"line":18,"column":60}},"line":18},"3":{"name":"(anonymous_3)","decl":{"start":{"line":21,"column":23},"end":{"line":21,"column":24}},"loc":{"start":{"line":21,"column":29},"end":{"line":24,"column":3}},"line":21}},"branchMap":{},"s":{"0":10,"1":10,"2":0,"3":0,"4":0,"5":0,"6":0,"7":0,"8":0,"9":0,"10":0,"11":0,"12":0},"f":{"0":0,"1":0,"2":0,"3":0},"b":{},"_coverageSchema":"1a1c01bbd47fc00a2c39e90264f33305004495a9","hash":"2ce50a50766ea83b111c3fcb8de032d69204094a"}
,"C:\\Users\\79876\\OneDrive\\Рабочий стол\\Neoflex\\neo2\\Bank\\src\\store\\slices\\currencySlice.ts": {"path":"C:\\Users\\79876\\OneDrive\\Рабочий стол\\Neoflex\\neo2\\Bank\\src\\store\\slices\\currencySlice.ts","statementMap":{"0":{"start":{"line":4,"column":16},"end":{"line":4,"column":42}},"1":{"start":{"line":5,"column":16},"end":{"line":5,"column":71}},"2":{"start":{"line":18,"column":37},"end":{"line":22,"column":1}},"3":{"start":{"line":24,"column":34},"end":{"line":47,"column":1}},"4":{"start":{"line":31,"column":4},"end":{"line":45,"column":5}},"5":{"start":{"line":32,"column":23},"end":{"line":32,"column":67}},"6":{"start":{"line":33,"column":27},"end":{"line":33,"column":57}},"7":{"start":{"line":34,"column":25},"end":{"line":34,"column":67}},"8":{"start":{"line":36,"column":6},"end":{"line":39,"column":10}},"9":{"start":{"line":36,"column":43},"end":{"line":39,"column":7}},"10":{"start":{"line":41,"column":6},"end":{"line":43,"column":7}},"11":{"start":{"line":42,"column":8},"end":{"line":42,"column":46}},"12":{"start":{"line":44,"column":6},"end":{"line":44,"column":55}},"13":{"start":{"line":49,"column":22},"end":{"line":74,"column":2}},"14":{"start":{"line":54,"column":4},"end":{"line":72,"column":8}},"15":{"start":{"line":56,"column":8},"end":{"line":56,"column":29}},"16":{"start":{"line":57,"column":8},"end":{"line":57,"column":27}},"17":{"start":{"line":62,"column":10},"end":{"line":62,"column":39}},"18":{"start":{"line":63,"column":10},"end":{"line":63,"column":32}},"19":{"start":{"line":69,"column":10},"end":{"line":69,"column":32}},"20":{"start":{"line":70,"column":10},"end":{"line":70,"column":75}}},"fnMap":{"0":{"name":"(anonymous_0)","decl":{"start":{"line":30,"column":2},"end":{"line":30,"column":3}},"loc":{"start":{"line":30,"column":47},"end":{"line":46,"column":3}},"line":30},"1":{"name":"(anonymous_1)","decl":{"start":{"line":36,"column":28},"end":{"line":36,"column":29}},"loc":{"start":{"line":36,"column":43},"end":{"line":39,"column":7}},"line":36},"2":{"name":"(anonymous_2)","decl":{"start":{"line":53,"column":17},"end":{"line":53,"column":18}},"loc":{"start":{"line":53,"column":30},"end":{"line":73,"column":3}},"line":53},"3":{"name":"(anonymous_3)","decl":{"start":{"line":55,"column":43},"end":{"line":55,"column":44}},"loc":{"start":{"line":55,"column":54},"end":{"line":58,"column":7}},"line":55},"4":{"name":"(anonymous_4)","decl":{"start":{"line":61,"column":8},"end":{"line":61,"column":9}},"loc":{"start":{"line":61,"column":59},"end":{"line":64,"column":9}},"line":61},"5":{"name":"(anonymous_5)","decl":{"start":{"line":68,"column":8},"end":{"line":68,"column":9}},"loc":{"start":{"line":68,"column":62},"end":{"line":71,"column":9}},"line":68}},"branchMap":{"0":{"loc":{"start":{"line":38,"column":14},"end":{"line":38,"column":45}},"type":"binary-expr","locations":[{"start":{"line":38,"column":14},"end":{"line":38,"column":36}},{"start":{"line":38,"column":40},"end":{"line":38,"column":45}}],"line":38},"1":{"loc":{"start":{"line":41,"column":6},"end":{"line":43,"column":7}},"type":"if","locations":[{"start":{"line":41,"column":6},"end":{"line":43,"column":7}},{"start":{},"end":{}}],"line":41},"2":{"loc":{"start":{"line":41,"column":10},"end":{"line":41,"column":52}},"type":"binary-expr","locations":[{"start":{"line":41,"column":10},"end":{"line":41,"column":35}},{"start":{"line":41,"column":39},"end":{"line":41,"column":52}}],"line":41},"3":{"loc":{"start":{"line":70,"column":24},"end":{"line":70,"column":74}},"type":"binary-expr","locations":[{"start":{"line":70,"column":24},"end":{"line":70,"column":38}},{"start":{"line":70,"column":42},"end":{"line":70,"column":74}}],"line":70}},"s":{"0":6,"1":6,"2":6,"3":6,"4":0,"5":0,"6":0,"7":0,"8":0,"9":0,"10":0,"11":0,"12":0,"13":6,"14":6,"15":0,"16":0,"17":0,"18":0,"19":0,"20":0},"f":{"0":0,"1":0,"2":6,"3":0,"4":0,"5":0},"b":{"0":[0,0],"1":[0,0],"2":[0,0],"3":[0,0]},"_coverageSchema":"1a1c01bbd47fc00a2c39e90264f33305004495a9","hash":"3f1ac066bb605a9a2f5742dccb006f5e8ac63c85"}
,"C:\\Users\\79876\\OneDrive\\Рабочий стол\\Neoflex\\neo2\\Bank\\src\\store\\slices\\newsSlice.ts": {"path":"C:\\Users\\79876\\OneDrive\\Рабочий стол\\Neoflex\\neo2\\Bank\\src\\store\\slices\\newsSlice.ts","statementMap":{"0":{"start":{"line":4,"column":16},"end":{"line":4,"column":50}},"1":{"start":{"line":5,"column":16},"end":{"line":5,"column":101}},"2":{"start":{"line":27,"column":33},"end":{"line":31,"column":1}},"3":{"start":{"line":33,"column":25},"end":{"line":47,"column":1}},"4":{"start":{"line":36,"column":4},"end":{"line":45,"column":5}},"5":{"start":{"line":37,"column":23},"end":{"line":37,"column":52}},"6":{"start":{"line":39,"column":23},"end":{"line":39,"column":63}},"7":{"start":{"line":40,"column":6},"end":{"line":42,"column":8}},"8":{"start":{"line":41,"column":21},"end":{"line":41,"column":85}},"9":{"start":{"line":44,"column":6},"end":{"line":44,"column":63}},"10":{"start":{"line":49,"column":18},"end":{"line":68,"column":2}},"11":{"start":{"line":54,"column":4},"end":{"line":66,"column":9}},"12":{"start":{"line":56,"column":8},"end":{"line":56,"column":29}},"13":{"start":{"line":57,"column":8},"end":{"line":57,"column":27}},"14":{"start":{"line":60,"column":8},"end":{"line":60,"column":30}},"15":{"start":{"line":61,"column":8},"end":{"line":61,"column":36}},"16":{"start":{"line":64,"column":8},"end":{"line":64,"column":30}},"17":{"start":{"line":65,"column":8},"end":{"line":65,"column":47}}},"fnMap":{"0":{"name":"(anonymous_0)","decl":{"start":{"line":35,"column":2},"end":{"line":35,"column":3}},"loc":{"start":{"line":35,"column":36},"end":{"line":46,"column":3}},"line":35},"1":{"name":"(anonymous_1)","decl":{"start":{"line":41,"column":8},"end":{"line":41,"column":9}},"loc":{"start":{"line":41,"column":21},"end":{"line":41,"column":85}},"line":41},"2":{"name":"(anonymous_2)","decl":{"start":{"line":53,"column":17},"end":{"line":53,"column":18}},"loc":{"start":{"line":53,"column":30},"end":{"line":67,"column":3}},"line":53},"3":{"name":"(anonymous_3)","decl":{"start":{"line":55,"column":34},"end":{"line":55,"column":35}},"loc":{"start":{"line":55,"column":45},"end":{"line":58,"column":7}},"line":55},"4":{"name":"(anonymous_4)","decl":{"start":{"line":59,"column":36},"end":{"line":59,"column":37}},"loc":{"start":{"line":59,"column":86},"end":{"line":62,"column":7}},"line":59},"5":{"name":"(anonymous_5)","decl":{"start":{"line":63,"column":35},"end":{"line":63,"column":36}},"loc":{"start":{"line":63,"column":54},"end":{"line":66,"column":7}},"line":63}},"branchMap":{"0":{"loc":{"start":{"line":41,"column":21},"end":{"line":41,"column":85}},"type":"binary-expr","locations":[{"start":{"line":41,"column":21},"end":{"line":41,"column":39}},{"start":{"line":41,"column":43},"end":{"line":41,"column":85}}],"line":41},"1":{"loc":{"start":{"line":41,"column":59},"end":{"line":41,"column":84}},"type":"binary-expr","locations":[{"start":{"line":41,"column":59},"end":{"line":41,"column":78}},{"start":{"line":41,"column":82},"end":{"line":41,"column":84}}],"line":41}},"s":{"0":6,"1":6,"2":6,"3":6,"4":0,"5":0,"6":0,"7":0,"8":0,"9":0,"10":6,"11":6,"12":0,"13":0,"14":0,"15":0,"16":0,"17":0},"f":{"0":0,"1":0,"2":6,"3":0,"4":0,"5":0},"b":{"0":[0,0],"1":[0,0]},"_coverageSchema":"1a1c01bbd47fc00a2c39e90264f33305004495a9","hash":"ae5a981c697fca01afce82b0b640cffc7e70aee1"}
}
