TN:
SF:src\jest.d.ts
FNF:0
FNH:0
LF:0
LH:0
BRF:0
BRH:0
end_of_record
TN:
SF:src\vite-env.d.ts
FNF:0
FNH:0
LF:0
LH:0
BRF:0
BRH:0
end_of_record
TN:
SF:src\app\components\Footer\Footer.tsx
FN:17,(anonymous_0)
FN:30,(anonymous_1)
FNF:2
FNH:2
FNDA:3,(anonymous_0)
FNDA:30,(anonymous_1)
DA:4,1
DA:17,1
DA:18,3
DA:31,30
LF:4
LH:4
BRF:0
BRH:0
end_of_record
TN:
SF:src\app\components\Header\Header.tsx
FN:19,(anonymous_0)
FN:22,(anonymous_1)
FN:23,(anonymous_2)
FN:26,(anonymous_3)
FN:34,(anonymous_4)
FN:37,(anonymous_5)
FNF:6
FNH:5
FNDA:5,(anonymous_0)
FNDA:2,(anonymous_1)
FNDA:2,(anonymous_2)
FNDA:0,(anonymous_3)
FNDA:20,(anonymous_4)
FNDA:20,(anonymous_5)
DA:12,1
DA:19,1
DA:20,5
DA:22,5
DA:23,2
DA:26,5
DA:27,0
DA:29,5
DA:35,20
DA:38,20
LF:10
LH:9
BRDA:33,0,0,1
BRDA:33,0,1,4
BRDA:38,1,0,0
BRDA:38,1,1,20
BRDA:54,2,0,1
BRDA:54,2,1,4
BRF:6
BRH:5
end_of_record
TN:
SF:src\app\entities\Loan\model\selectors\getCodeSelectors\getCodeSelectors.ts
FN:3,(anonymous_0)
FN:4,(anonymous_1)
FN:5,(anonymous_2)
FNF:3
FNH:3
FNDA:1,(anonymous_0)
FNDA:1,(anonymous_1)
FNDA:1,(anonymous_2)
DA:3,13
DA:4,13
DA:5,13
LF:3
LH:3
BRF:0
BRH:0
end_of_record
TN:
SF:src\app\entities\Loan\model\selectors\getDenySelectors\getDenySelectors.ts
FN:3,(anonymous_0)
FN:4,(anonymous_1)
FN:5,(anonymous_2)
FNF:3
FNH:3
FNDA:1,(anonymous_0)
FNDA:1,(anonymous_1)
FNDA:1,(anonymous_2)
DA:3,13
DA:4,13
DA:5,13
LF:3
LH:3
BRF:0
BRH:0
end_of_record
TN:
SF:src\app\entities\Loan\model\selectors\getDocumentsSelectors\getDocumentsSelectors.ts
FN:3,(anonymous_0)
FN:4,(anonymous_1)
FN:5,(anonymous_2)
FNF:3
FNH:3
FNDA:1,(anonymous_0)
FNDA:1,(anonymous_1)
FNDA:1,(anonymous_2)
DA:3,13
DA:4,13
DA:5,13
DA:6,1
LF:4
LH:4
BRF:0
BRH:0
end_of_record
TN:
SF:src\app\entities\Loan\model\selectors\getLoanStatusSelectors\getLoanStatusSelectors.ts
FN:3,(anonymous_0)
FN:5,(anonymous_1)
FN:8,(anonymous_2)
FNF:3
FNH:3
FNDA:1,(anonymous_0)
FNDA:1,(anonymous_1)
FNDA:1,(anonymous_2)
DA:3,13
DA:5,13
DA:6,1
DA:8,13
DA:9,1
LF:5
LH:5
BRDA:6,0,0,1
BRDA:6,0,1,0
BRF:2
BRH:1
end_of_record
TN:
SF:src\app\entities\Loan\model\selectors\getOfferSelectors\getOfferSelectors.ts
FN:3,(anonymous_0)
FN:4,(anonymous_1)
FN:5,(anonymous_2)
FN:6,(anonymous_3)
FNF:4
FNH:4
FNDA:1,(anonymous_0)
FNDA:1,(anonymous_1)
FNDA:1,(anonymous_2)
FNDA:1,(anonymous_3)
DA:3,13
DA:4,13
DA:5,13
DA:6,13
LF:4
LH:4
BRF:0
BRH:0
end_of_record
TN:
SF:src\app\entities\Loan\model\services\applyOffer\applyOffer.ts
FN:11,(anonymous_0)
FNF:1
FNH:1
FNDA:2,(anonymous_0)
DA:7,13
DA:12,2
DA:13,2
DA:14,2
DA:16,2
DA:17,1
DA:20,1
DA:21,1
DA:23,1
LF:9
LH:9
BRDA:16,0,0,1
BRDA:16,0,1,1
BRDA:16,1,0,2
BRDA:16,1,1,2
BRF:4
BRH:4
end_of_record
TN:
SF:src\app\entities\Loan\model\services\createDocuments\createDocuments.ts
FN:10,(anonymous_0)
FNF:1
FNH:1
FNDA:2,(anonymous_0)
DA:6,12
DA:11,2
DA:13,2
DA:14,2
DA:16,2
DA:18,1
DA:20,1
LF:7
LH:7
BRDA:16,0,0,1
BRDA:16,0,1,1
BRF:2
BRH:2
end_of_record
TN:
SF:src\app\entities\Loan\model\services\denyApplication\denyApplication.ts
FN:9,(anonymous_0)
FNF:1
FNH:1
FNDA:2,(anonymous_0)
DA:5,13
DA:10,2
DA:12,2
DA:13,2
DA:15,2
DA:17,1
LF:6
LH:6
BRDA:15,0,0,1
BRDA:15,0,1,1
BRF:2
BRH:2
end_of_record
TN:
SF:src\app\entities\Loan\model\services\sendSESCode\sendSESCode.ts
FN:9,(anonymous_0)
FNF:1
FNH:1
FNDA:2,(anonymous_0)
DA:5,13
DA:10,2
DA:12,2
DA:13,2
DA:15,2
DA:17,1
DA:19,1
DA:20,1
LF:8
LH:8
BRDA:15,0,0,1
BRDA:15,0,1,1
BRF:2
BRH:2
end_of_record
TN:
SF:src\app\entities\Loan\model\services\signDocuments\signDocuments.ts
FN:8,(anonymous_0)
FNF:1
FNH:1
FNDA:2,(anonymous_0)
DA:6,13
DA:9,2
DA:11,2
DA:12,2
DA:14,2
DA:16,1
DA:18,1
LF:7
LH:7
BRDA:14,0,0,1
BRDA:14,0,1,1
BRF:2
BRH:2
end_of_record
TN:
SF:src\app\entities\Loan\model\slice\codeSlice.ts
FN:14,(anonymous_0)
FN:18,(anonymous_1)
FN:19,(anonymous_2)
FN:23,(anonymous_3)
FN:26,(anonymous_4)
FNF:5
FNH:1
FNDA:0,(anonymous_0)
FNDA:8,(anonymous_1)
FNDA:0,(anonymous_2)
FNDA:0,(anonymous_3)
FNDA:0,(anonymous_4)
DA:5,12
DA:10,12
DA:15,0
DA:19,8
DA:20,0
DA:21,0
DA:23,8
DA:24,0
DA:26,8
DA:27,0
DA:28,0
DA:33,12
DA:34,12
LF:13
LH:7
BRF:0
BRH:0
end_of_record
TN:
SF:src\app\entities\Loan\model\slice\denySlice.ts
FN:14,(anonymous_0)
FN:18,(anonymous_1)
FN:19,(anonymous_2)
FN:23,(anonymous_3)
FN:26,(anonymous_4)
FNF:5
FNH:1
FNDA:0,(anonymous_0)
FNDA:8,(anonymous_1)
FNDA:0,(anonymous_2)
FNDA:0,(anonymous_3)
FNDA:0,(anonymous_4)
DA:5,12
DA:10,12
DA:15,0
DA:19,8
DA:20,0
DA:21,0
DA:23,8
DA:24,0
DA:26,8
DA:27,0
DA:28,0
DA:33,12
DA:34,12
LF:13
LH:7
BRF:0
BRH:0
end_of_record
TN:
SF:src\app\entities\Loan\model\slice\documentsSlice.ts
FN:15,(anonymous_0)
FN:19,(anonymous_1)
FN:20,(anonymous_2)
FN:24,(anonymous_3)
FN:27,(anonymous_4)
FN:31,(anonymous_5)
FN:35,(anonymous_6)
FN:38,(anonymous_7)
FNF:8
FNH:1
FNDA:0,(anonymous_0)
FNDA:8,(anonymous_1)
FNDA:0,(anonymous_2)
FNDA:0,(anonymous_3)
FNDA:0,(anonymous_4)
FNDA:0,(anonymous_5)
FNDA:0,(anonymous_6)
FNDA:0,(anonymous_7)
DA:6,12
DA:11,12
DA:16,0
DA:20,8
DA:21,0
DA:22,0
DA:24,8
DA:25,0
DA:27,8
DA:28,0
DA:29,0
DA:31,8
DA:32,0
DA:33,0
DA:35,8
DA:36,0
DA:38,8
DA:39,0
DA:40,0
DA:45,12
DA:46,12
LF:21
LH:10
BRF:0
BRH:0
end_of_record
TN:
SF:src\app\entities\Loan\model\slice\loanStatusSlice.ts
FN:14,(anonymous_0)
FN:18,(anonymous_1)
FN:22,(anonymous_2)
FN:34,(anonymous_3)
FNF:4
FNH:0
FNDA:0,(anonymous_0)
FNDA:0,(anonymous_1)
FNDA:0,(anonymous_2)
FNDA:0,(anonymous_3)
DA:5,15
DA:10,15
DA:15,0
DA:16,0
DA:19,0
DA:20,0
DA:23,0
DA:24,0
DA:26,0
DA:27,0
DA:29,0
DA:32,0
DA:35,0
DA:36,0
DA:37,0
DA:38,0
DA:43,15
DA:44,15
LF:18
LH:4
BRDA:26,0,0,0
BRDA:26,0,1,0
BRDA:32,1,0,0
BRDA:32,1,1,0
BRF:4
BRH:0
end_of_record
TN:
SF:src\app\entities\Loan\model\slice\offerSlice.ts
FN:17,(anonymous_0)
FN:21,(anonymous_1)
FN:25,(anonymous_2)
FN:26,(anonymous_3)
FN:30,(anonymous_4)
FN:33,(anonymous_5)
FNF:6
FNH:1
FNDA:0,(anonymous_0)
FNDA:0,(anonymous_1)
FNDA:8,(anonymous_2)
FNDA:0,(anonymous_3)
FNDA:0,(anonymous_4)
FNDA:0,(anonymous_5)
DA:7,12
DA:13,12
DA:18,0
DA:19,0
DA:22,0
DA:26,8
DA:27,0
DA:28,0
DA:30,8
DA:31,0
DA:33,8
DA:34,0
DA:35,0
DA:40,12
DA:41,12
LF:15
LH:7
BRF:0
BRH:0
end_of_record
TN:
SF:src\app\entities\Loan\model\types\codeSchema.ts
FNF:0
FNH:0
LF:0
LH:0
BRF:0
BRH:0
end_of_record
TN:
SF:src\app\entities\Loan\model\types\denySchema.ts
FNF:0
FNH:0
LF:0
LH:0
BRF:0
BRH:0
end_of_record
TN:
SF:src\app\entities\Loan\model\types\documentsSchema.ts
FNF:0
FNH:0
LF:0
LH:0
BRF:0
BRH:0
end_of_record
TN:
SF:src\app\entities\Loan\model\types\loanStatusSchema.ts
FNF:0
FNH:0
LF:0
LH:0
BRF:0
BRH:0
end_of_record
TN:
SF:src\app\entities\Loan\model\types\offerSchema.ts
FNF:0
FNH:0
LF:0
LH:0
BRF:0
BRH:0
end_of_record
TN:
SF:src\app\entities\Loan\ui\DenyModal\DenyModal.tsx
FN:20,(anonymous_0)
FN:28,(anonymous_1)
FN:38,(anonymous_2)
FN:45,(anonymous_3)
FNF:4
FNH:0
FNDA:0,(anonymous_0)
FNDA:0,(anonymous_1)
FNDA:0,(anonymous_2)
FNDA:0,(anonymous_3)
DA:20,12
DA:21,0
DA:22,0
DA:23,0
DA:24,0
DA:25,0
DA:26,0
DA:28,0
DA:29,0
DA:30,0
DA:31,0
DA:32,0
DA:33,0
DA:34,0
DA:38,0
DA:39,0
DA:40,0
DA:41,0
DA:45,0
DA:46,0
DA:49,0
LF:21
LH:1
BRDA:30,0,0,0
BRDA:30,0,1,0
BRDA:39,1,0,0
BRDA:39,1,1,0
BRDA:59,2,0,0
BRDA:59,2,1,0
BRF:6
BRH:0
end_of_record
TN:
SF:src\app\entities\Loan\ui\OfferCard\OfferCard.tsx
FN:11,(anonymous_0)
FN:25,(anonymous_1)
FN:40,(anonymous_2)
FNF:3
FNH:2
FNDA:9,(anonymous_0)
FNDA:0,(anonymous_1)
FNDA:18,(anonymous_2)
DA:11,12
DA:21,9
DA:23,9
DA:25,9
DA:26,0
DA:40,9
DA:41,18
DA:47,9
LF:8
LH:7
BRDA:41,0,0,8
BRDA:41,0,1,10
BRF:2
BRH:2
end_of_record
TN:
SF:src\app\entities\Loan\ui\OfferMessage\OfferMessage.tsx
FN:4,(anonymous_0)
FNF:1
FNH:0
FNDA:0,(anonymous_0)
DA:4,12
DA:5,0
LF:2
LH:1
BRF:0
BRH:0
end_of_record
TN:
SF:src\app\entities\Loan\ui\OffersList\OffersList.tsx
FN:10,(anonymous_0)
FN:14,(anonymous_1)
FN:15,(anonymous_2)
FN:20,(anonymous_3)
FNF:4
FNH:4
FNDA:4,(anonymous_0)
FNDA:2,(anonymous_1)
FNDA:3,(anonymous_2)
FNDA:8,(anonymous_3)
DA:10,12
DA:11,4
DA:12,4
DA:14,4
DA:15,3
DA:18,4
DA:21,8
LF:7
LH:7
BRF:0
BRH:0
end_of_record
TN:
SF:src\app\pages\CodePage\ui\CodePage.lazy.ts
FN:3,(anonymous_0)
FNF:1
FNH:0
FNDA:0,(anonymous_0)
DA:3,0
LF:1
LH:0
BRF:0
BRH:0
end_of_record
TN:
SF:src\app\pages\CodePage\ui\CodePage.tsx
FN:8,(anonymous_0)
FNF:1
FNH:0
FNDA:0,(anonymous_0)
DA:8,0
DA:9,0
DA:10,0
DA:12,0
DA:14,0
LF:5
LH:0
BRDA:12,0,0,0
BRDA:12,0,1,0
BRDA:16,1,0,0
BRDA:16,1,1,0
BRDA:17,2,0,0
BRDA:17,2,1,0
BRF:6
BRH:0
end_of_record
TN:
SF:src\app\pages\DocumentPage\ui\DocumentPage.lazy.ts
FN:3,(anonymous_0)
FNF:1
FNH:0
FNDA:0,(anonymous_0)
DA:3,0
LF:1
LH:0
BRF:0
BRH:0
end_of_record
TN:
SF:src\app\pages\DocumentPage\ui\DocumentPage.tsx
FN:17,(anonymous_0)
FN:25,(anonymous_1)
FN:36,(anonymous_2)
FNF:3
FNH:0
FNDA:0,(anonymous_0)
FNDA:0,(anonymous_1)
FNDA:0,(anonymous_2)
DA:17,0
DA:18,0
DA:19,0
DA:20,0
DA:21,0
DA:22,0
DA:23,0
DA:25,0
DA:26,0
DA:27,0
DA:31,0
DA:32,0
DA:35,0
DA:36,0
DA:39,0
DA:40,0
DA:43,0
DA:44,0
LF:18
LH:0
BRDA:26,0,0,0
BRDA:26,0,1,0
BRDA:26,1,0,0
BRDA:26,1,1,0
BRDA:31,2,0,0
BRDA:31,2,1,0
BRDA:35,3,0,0
BRDA:35,3,1,0
BRDA:39,4,0,0
BRDA:39,4,1,0
BRDA:43,5,0,0
BRDA:43,5,1,0
BRDA:46,6,0,0
BRDA:46,6,1,0
BRDA:52,7,0,0
BRDA:52,7,1,0
BRF:16
BRH:0
end_of_record
TN:
SF:src\app\pages\HomePage\HomePage.tsx
FN:9,(anonymous_0)
FNF:1
FNH:0
FNDA:0,(anonymous_0)
DA:9,0
DA:10,0
LF:2
LH:0
BRF:0
BRH:0
end_of_record
TN:
SF:src\app\pages\LoanPage\LoanPage.tsx
FN:7,(anonymous_0)
FNF:1
FNH:0
FNDA:0,(anonymous_0)
DA:7,0
DA:8,0
LF:2
LH:0
BRF:0
BRH:0
end_of_record
TN:
SF:src\app\pages\NotFound\NotFoundPage.tsx
FN:7,(anonymous_0)
FN:9,(anonymous_1)
FNF:2
FNH:0
FNDA:0,(anonymous_0)
FNDA:0,(anonymous_1)
DA:7,0
DA:8,0
DA:9,0
DA:11,0
LF:4
LH:0
BRF:0
BRH:0
end_of_record
TN:
SF:src\app\pages\ScoringPage\ui\ScoringPage.lazy.ts
FN:3,(anonymous_0)
FNF:1
FNH:0
FNDA:0,(anonymous_0)
DA:3,0
LF:1
LH:0
BRF:0
BRH:0
end_of_record
TN:
SF:src\app\pages\ScoringPage\ui\ScoringPage.tsx
FN:19,(anonymous_0)
FN:26,(anonymous_1)
FN:30,(anonymous_2)
FNF:3
FNH:0
FNDA:0,(anonymous_0)
FNDA:0,(anonymous_1)
FNDA:0,(anonymous_2)
DA:19,0
DA:20,0
DA:21,0
DA:22,0
DA:23,0
DA:24,0
DA:26,0
DA:27,0
DA:30,0
DA:31,0
DA:32,0
DA:40,0
DA:42,0
DA:45,0
DA:46,0
DA:53,0
DA:54,0
DA:61,0
LF:18
LH:0
BRDA:42,0,0,0
BRDA:42,0,1,0
BRDA:45,1,0,0
BRDA:45,1,1,0
BRDA:53,2,0,0
BRDA:53,2,1,0
BRDA:63,3,0,0
BRDA:63,3,1,0
BRDA:69,4,0,0
BRDA:69,4,1,0
BRF:10
BRH:0
end_of_record
TN:
SF:src\app\pages\SignPage\ui\SignPage.lazy.ts
FN:3,(anonymous_0)
FNF:1
FNH:0
FNDA:0,(anonymous_0)
DA:3,0
LF:1
LH:0
BRF:0
BRH:0
end_of_record
TN:
SF:src\app\pages\SignPage\ui\SignPage.tsx
FN:14,(anonymous_0)
FN:20,(anonymous_1)
FNF:2
FNH:0
FNDA:0,(anonymous_0)
FNDA:0,(anonymous_1)
DA:14,0
DA:15,0
DA:16,0
DA:17,0
DA:18,0
DA:20,0
DA:21,0
DA:24,0
DA:25,0
DA:28,0
DA:29,0
DA:32,0
LF:12
LH:0
BRDA:24,0,0,0
BRDA:24,0,1,0
BRDA:28,1,0,0
BRDA:28,1,1,0
BRDA:34,2,0,0
BRDA:34,2,1,0
BRDA:42,3,0,0
BRDA:42,3,1,0
BRF:8
BRH:0
end_of_record
TN:
SF:src\app\providers\StoreProvider\config\StateSchema.ts
FNF:0
FNH:0
LF:0
LH:0
BRF:0
BRH:0
end_of_record
TN:
SF:src\app\providers\StoreProvider\config\store.ts
FN:17,createReduxStore
FN:38,(anonymous_1)
FNF:2
FNH:2
FNDA:27,createReduxStore
FNDA:27,(anonymous_1)
DA:21,27
DA:35,27
DA:38,27
DA:44,27
LF:4
LH:4
BRF:0
BRH:0
end_of_record
TN:
SF:src\app\providers\StoreProvider\ui\StoreProvider.tsx
FN:11,(anonymous_0)
FNF:1
FNH:1
FNDA:27,(anonymous_0)
DA:11,8
DA:12,27
DA:14,27
DA:16,27
LF:4
LH:4
BRF:0
BRH:0
end_of_record
TN:
SF:src\app\providers\router\config\routerConfig.tsx
FNF:0
FNH:0
DA:32,0
LF:1
LH:0
BRF:0
BRH:0
end_of_record
TN:
SF:src\app\providers\router\ui\AppRouter\AppRouter.tsx
FN:4,(anonymous_0)
FN:5,(anonymous_1)
FNF:2
FNH:0
FNDA:0,(anonymous_0)
FNDA:0,(anonymous_1)
DA:4,0
DA:5,0
DA:6,0
DA:8,0
DA:11,0
DA:13,0
LF:6
LH:0
BRF:0
BRH:0
end_of_record
TN:
SF:src\app\providers\router\ui\ProtectedRoute\ProtectedRoute.lazy.ts
FN:3,(anonymous_0)
FNF:1
FNH:0
FNDA:0,(anonymous_0)
DA:3,0
LF:1
LH:0
BRF:0
BRH:0
end_of_record
TN:
SF:src\app\providers\router\ui\ProtectedRoute\ProtectedRoute.tsx
FN:13,(anonymous_0)
FNF:1
FNH:0
FNDA:0,(anonymous_0)
DA:13,0
DA:14,0
DA:15,0
DA:16,0
DA:17,0
DA:19,0
DA:20,0
DA:23,0
DA:24,0
DA:27,0
LF:10
LH:0
BRDA:19,0,0,0
BRDA:19,0,1,0
BRDA:20,1,0,0
BRDA:20,1,1,0
BRDA:23,2,0,0
BRDA:23,2,1,0
BRDA:24,3,0,0
BRDA:24,3,1,0
BRF:8
BRH:0
end_of_record
TN:
SF:src\app\types\global.d.ts
FNF:0
FNH:0
LF:0
LH:0
BRF:0
BRH:0
end_of_record
TN:
SF:src\app\widgets\CardSelector\CardSelector.tsx
FN:6,(anonymous_0)
FNF:1
FNH:0
FNDA:0,(anonymous_0)
DA:6,0
DA:8,0
LF:2
LH:0
BRF:0
BRH:0
end_of_record
TN:
SF:src\app\widgets\Confirmation\ui\Confirmation.tsx
FN:14,(anonymous_0)
FN:19,(anonymous_1)
FNF:2
FNH:0
FNDA:0,(anonymous_0)
FNDA:0,(anonymous_1)
DA:12,0
DA:14,0
DA:15,0
DA:16,0
DA:17,0
DA:19,0
DA:20,0
DA:21,0
DA:24,0
DA:25,0
DA:29,0
LF:11
LH:0
BRDA:20,0,0,0
BRDA:20,0,1,0
BRDA:24,1,0,0
BRDA:24,1,1,0
BRDA:24,2,0,0
BRDA:24,2,1,0
BRF:6
BRH:0
end_of_record
TN:
SF:src\app\widgets\Congratulations\ui\Congratulations.tsx
FN:10,(anonymous_0)
FN:13,(anonymous_1)
FN:14,(anonymous_2)
FNF:3
FNH:0
FNDA:0,(anonymous_0)
FNDA:0,(anonymous_1)
FNDA:0,(anonymous_2)
DA:10,0
DA:11,0
DA:13,0
DA:14,0
DA:15,0
DA:16,0
DA:17,0
DA:21,0
LF:8
LH:0
BRF:0
BRH:0
end_of_record
TN:
SF:src\app\widgets\CurrencyWidget\CurrencyWidget.tsx
FN:11,(anonymous_0)
FN:13,(anonymous_1)
FN:18,(anonymous_2)
FN:20,(anonymous_3)
FN:24,(anonymous_4)
FN:35,(anonymous_5)
FNF:6
FNH:5
FNDA:6,(anonymous_0)
FNDA:12,(anonymous_1)
FNDA:6,(anonymous_2)
FNDA:0,(anonymous_3)
FNDA:6,(anonymous_4)
FNDA:9,(anonymous_5)
DA:11,1
DA:12,6
DA:13,12
DA:15,6
DA:16,6
DA:18,6
DA:19,6
DA:20,6
DA:21,0
DA:24,6
DA:27,6
DA:29,6
DA:36,9
LF:13
LH:12
BRDA:38,0,0,8
BRDA:38,0,1,1
BRF:2
BRH:2
end_of_record
TN:
SF:src\app\widgets\Denied\ui\Denied.tsx
FN:10,(anonymous_0)
FN:14,(anonymous_1)
FN:15,(anonymous_2)
FN:23,(anonymous_3)
FNF:4
FNH:0
FNDA:0,(anonymous_0)
FNDA:0,(anonymous_1)
FNDA:0,(anonymous_2)
FNDA:0,(anonymous_3)
DA:10,0
DA:11,0
DA:12,0
DA:14,0
DA:15,0
DA:16,0
DA:17,0
DA:18,0
DA:19,0
DA:23,0
DA:24,0
DA:27,0
LF:12
LH:0
BRF:0
BRH:0
end_of_record
TN:
SF:src\app\widgets\Features\Features.tsx
FN:12,(anonymous_0)
FN:23,(anonymous_1)
FNF:2
FNH:0
FNDA:0,(anonymous_0)
FNDA:0,(anonymous_1)
DA:5,0
DA:12,0
DA:13,0
DA:24,0
LF:4
LH:0
BRF:0
BRH:0
end_of_record
TN:
SF:src\app\widgets\Info\Info.tsx
FN:16,(anonymous_0)
FN:23,(anonymous_1)
FNF:2
FNH:0
FNDA:0,(anonymous_0)
FNDA:0,(anonymous_1)
DA:9,0
DA:16,0
DA:17,0
DA:19,0
DA:23,0
DA:24,0
DA:25,0
DA:28,0
DA:30,0
LF:9
LH:0
BRDA:20,0,0,0
BRDA:20,0,1,0
BRF:2
BRH:0
end_of_record
TN:
SF:src\app\widgets\Info\AboutCard\AboutCard.tsx
FN:8,(anonymous_0)
FNF:1
FNH:0
FNDA:0,(anonymous_0)
DA:8,0
DA:9,0
LF:2
LH:0
BRF:0
BRH:0
end_of_record
TN:
SF:src\app\widgets\Info\Cashback\Cashback.tsx
FN:3,(anonymous_0)
FNF:1
FNH:0
FNDA:0,(anonymous_0)
DA:3,0
DA:4,0
LF:2
LH:0
BRF:0
BRH:0
end_of_record
TN:
SF:src\app\widgets\Info\Faq\Faq.tsx
FN:54,(anonymous_0)
FN:56,(anonymous_1)
FN:56,(anonymous_2)
FNF:3
FNH:0
FNDA:0,(anonymous_0)
FNDA:0,(anonymous_1)
FNDA:0,(anonymous_2)
DA:5,0
DA:31,0
DA:54,0
DA:55,0
DA:56,0
DA:58,0
LF:6
LH:0
BRF:0
BRH:0
end_of_record
TN:
SF:src\app\widgets\Info\RatesAndConditions\RatesAndConditions.tsx
FN:3,(anonymous_0)
FNF:1
FNH:0
FNDA:0,(anonymous_0)
DA:3,0
DA:4,0
LF:2
LH:0
BRF:0
BRH:0
end_of_record
TN:
SF:src\app\widgets\Instruction\Instruction.tsx
FN:10,(anonymous_0)
FNF:1
FNH:0
FNDA:0,(anonymous_0)
DA:4,0
DA:10,0
DA:11,0
LF:3
LH:0
BRF:0
BRH:0
end_of_record
TN:
SF:src\app\widgets\Map\Map.tsx
FN:4,(anonymous_0)
FNF:1
FNH:0
FNDA:0,(anonymous_0)
DA:4,0
DA:5,0
LF:2
LH:0
BRF:0
BRH:0
end_of_record
TN:
SF:src\app\widgets\NewsSlider\NewsSlider.tsx
FN:11,(anonymous_0)
FN:13,(anonymous_1)
FN:18,(anonymous_2)
FN:31,(anonymous_3)
FN:35,(anonymous_4)
FN:38,(anonymous_5)
FN:41,(anonymous_6)
FN:43,(anonymous_7)
FN:47,(anonymous_8)
FN:49,(anonymous_9)
FN:67,(anonymous_10)
FNF:11
FNH:7
FNDA:6,(anonymous_0)
FNDA:12,(anonymous_1)
FNDA:6,(anonymous_2)
FNDA:6,(anonymous_3)
FNDA:6,(anonymous_4)
FNDA:6,(anonymous_5)
FNDA:0,(anonymous_6)
FNDA:0,(anonymous_7)
FNDA:0,(anonymous_8)
FNDA:0,(anonymous_9)
FNDA:9,(anonymous_10)
DA:11,1
DA:12,6
DA:13,12
DA:14,6
DA:15,6
DA:16,6
DA:18,6
DA:19,6
DA:20,4
DA:21,4
DA:23,4
DA:24,3
DA:25,3
DA:26,3
DA:31,6
DA:32,6
DA:35,6
DA:36,6
DA:37,6
DA:38,6
DA:41,6
DA:42,0
DA:43,0
DA:47,6
DA:48,0
DA:49,0
DA:53,6
DA:54,5
DA:56,4
DA:68,9
LF:30
LH:26
BRDA:19,0,0,4
BRDA:19,0,1,2
BRDA:23,1,0,3
BRDA:23,1,1,1
BRDA:23,2,0,4
BRDA:23,2,1,3
BRDA:25,3,0,3
BRDA:25,3,1,3
BRDA:42,4,0,0
BRDA:42,4,1,0
BRDA:48,5,0,0
BRDA:48,5,1,0
BRDA:53,6,0,1
BRDA:53,6,1,5
BRDA:54,7,0,1
BRDA:54,7,1,4
BRDA:77,8,0,9
BRDA:77,8,1,0
BRDA:78,9,0,9
BRDA:78,9,1,0
BRF:20
BRH:14
end_of_record
TN:
SF:src\app\widgets\PaymentSchedule\ui\PaymentSchedule.tsx
FN:17,(anonymous_0)
FN:27,(anonymous_1)
FN:33,(anonymous_2)
FN:37,(anonymous_3)
FN:38,(anonymous_4)
FN:41,(anonymous_5)
FN:45,(anonymous_6)
FNF:7
FNH:0
FNDA:0,(anonymous_0)
FNDA:0,(anonymous_1)
FNDA:0,(anonymous_2)
FNDA:0,(anonymous_3)
FNDA:0,(anonymous_4)
FNDA:0,(anonymous_5)
FNDA:0,(anonymous_6)
DA:17,0
DA:18,0
DA:19,0
DA:20,0
DA:21,0
DA:22,0
DA:23,0
DA:25,0
DA:27,0
DA:28,0
DA:29,0
DA:33,0
DA:34,0
DA:37,0
DA:38,0
DA:41,0
DA:42,0
DA:45,0
DA:46,0
DA:49,0
DA:50,0
DA:53,0
DA:54,0
DA:57,0
LF:24
LH:0
BRDA:28,0,0,0
BRDA:28,0,1,0
BRDA:49,1,0,0
BRDA:49,1,1,0
BRDA:53,2,0,0
BRDA:53,2,1,0
BRDA:88,3,0,0
BRDA:88,3,1,0
BRF:8
BRH:0
end_of_record
TN:
SF:src\app\widgets\Prescoring\Prescoring.tsx
FN:23,(anonymous_0)
FN:35,(anonymous_1)
FN:41,(anonymous_2)
FNF:3
FNH:0
FNDA:0,(anonymous_0)
FNDA:0,(anonymous_1)
FNDA:0,(anonymous_2)
DA:23,0
DA:24,0
DA:25,0
DA:26,0
DA:27,0
DA:28,0
DA:29,0
DA:30,0
DA:32,0
DA:33,0
DA:35,0
DA:36,0
DA:37,0
DA:38,0
DA:41,0
DA:42,0
DA:43,0
DA:46,0
DA:47,0
DA:50,0
DA:51,0
DA:54,0
LF:22
LH:0
BRDA:32,0,0,0
BRDA:32,0,1,0
BRDA:33,1,0,0
BRDA:33,1,1,0
BRDA:37,2,0,0
BRDA:37,2,1,0
BRDA:46,3,0,0
BRDA:46,3,1,0
BRDA:50,4,0,0
BRDA:50,4,1,0
BRDA:56,5,0,0
BRDA:56,5,1,0
BRDA:57,6,0,0
BRDA:57,6,1,0
BRDA:57,6,2,0
BRDA:58,7,0,0
BRDA:58,7,1,0
BRF:17
BRH:0
end_of_record
TN:
SF:src\app\widgets\PrescoringForm\PrescoringForm.tsx
FN:26,(anonymous_0)
FN:45,(anonymous_1)
FN:47,(anonymous_2)
FN:54,(anonymous_3)
FN:71,(anonymous_4)
FN:185,(anonymous_5)
FNF:6
FNH:4
FNDA:20,(anonymous_0)
FNDA:0,(anonymous_1)
FNDA:3,(anonymous_2)
FNDA:2,(anonymous_3)
FNDA:0,(anonymous_4)
FNDA:3,(anonymous_5)
DA:18,8
DA:19,8
DA:20,8
DA:26,8
DA:27,20
DA:34,20
DA:41,20
DA:42,20
DA:43,20
DA:45,20
DA:47,20
DA:48,3
DA:49,3
DA:50,3
DA:51,3
DA:54,20
DA:55,2
DA:56,2
DA:59,20
DA:60,0
DA:67,20
DA:68,0
DA:71,0
DA:78,20
DA:185,3
LF:25
LH:22
BRDA:49,0,0,3
BRDA:49,0,1,0
BRDA:50,1,0,0
BRDA:50,1,1,3
BRDA:59,2,0,0
BRDA:59,2,1,20
BRDA:67,3,0,0
BRDA:67,3,1,20
BRF:8
BRH:4
end_of_record
TN:
SF:src\app\widgets\PrescoringForm\SelectAmount\SelectAmount.tsx
FN:12,(anonymous_0)
FNF:1
FNH:1
FNDA:20,(anonymous_0)
DA:11,8
DA:13,20
DA:15,20
LF:3
LH:3
BRF:0
BRH:0
end_of_record
TN:
SF:src\app\widgets\PrescoringForm\selectors\getPrescoring\getPrescoring.ts
FN:3,(anonymous_0)
FN:5,(anonymous_1)
FN:6,(anonymous_2)
FNF:3
FNH:3
FNDA:1,(anonymous_0)
FNDA:7,(anonymous_1)
FNDA:7,(anonymous_2)
DA:3,9
DA:5,9
DA:6,9
DA:7,7
LF:4
LH:4
BRF:0
BRH:0
end_of_record
TN:
SF:src\app\widgets\PrescoringForm\services\createLoanApplication\createLoanApplication.ts
FN:11,(anonymous_0)
FNF:1
FNH:1
FNDA:2,(anonymous_0)
DA:7,10
DA:12,2
DA:14,2
DA:15,2
DA:17,2
DA:19,1
DA:20,1
DA:22,1
DA:24,1
LF:9
LH:9
BRDA:17,0,0,1
BRDA:17,0,1,1
BRF:2
BRH:2
end_of_record
TN:
SF:src\app\widgets\PrescoringForm\slice\prescoringSlice.ts
FN:14,(anonymous_0)
FN:18,(anonymous_1)
FN:19,(anonymous_2)
FN:23,(anonymous_3)
FN:26,(anonymous_4)
FNF:5
FNH:2
FNDA:2,(anonymous_0)
FNDA:9,(anonymous_1)
FNDA:0,(anonymous_2)
FNDA:0,(anonymous_3)
FNDA:0,(anonymous_4)
DA:5,9
DA:10,9
DA:15,2
DA:19,9
DA:20,0
DA:21,0
DA:23,9
DA:24,0
DA:26,9
DA:27,0
DA:28,0
DA:33,9
DA:34,9
LF:13
LH:8
BRF:0
BRH:0
end_of_record
TN:
SF:src\app\widgets\PrescoringForm\storeProvider\StateSchema.ts
FNF:0
FNH:0
LF:0
LH:0
BRF:0
BRH:0
end_of_record
TN:
SF:src\app\widgets\PrescoringForm\types\prescoringSchema.ts
FNF:0
FNH:0
LF:0
LH:0
BRF:0
BRH:0
end_of_record
TN:
SF:src\app\widgets\ScheduleTable\model\selectors\getScheduleSelectors.ts
FN:3,(anonymous_0)
FN:4,(anonymous_1)
FN:5,(anonymous_2)
FN:6,(anonymous_3)
FN:7,(anonymous_4)
FNF:5
FNH:5
FNDA:1,(anonymous_0)
FNDA:1,(anonymous_1)
FNDA:1,(anonymous_2)
FNDA:1,(anonymous_3)
FNDA:1,(anonymous_4)
DA:3,13
DA:4,13
DA:5,13
DA:6,13
DA:7,13
LF:5
LH:5
BRF:0
BRH:0
end_of_record
TN:
SF:src\app\widgets\ScheduleTable\model\services\getApplicatoinById\getApplicationById.ts
FN:10,(anonymous_0)
FNF:1
FNH:1
FNDA:2,(anonymous_0)
DA:6,13
DA:11,2
DA:12,2
DA:13,2
DA:17,2
DA:19,1
DA:23,1
DA:25,0
DA:28,1
LF:9
LH:8
BRDA:17,0,0,1
BRDA:17,0,1,1
BRDA:19,1,0,1
BRDA:19,1,1,0
BRDA:20,2,0,1
BRDA:20,2,1,1
BRF:6
BRH:5
end_of_record
TN:
SF:src\app\widgets\ScheduleTable\model\slice\scheduleSlice.ts
FN:16,(anonymous_0)
FN:19,(anonymous_1)
FN:24,(anonymous_2)
FN:25,(anonymous_3)
FN:32,(anonymous_4)
FN:40,(anonymous_5)
FNF:6
FNH:1
FNDA:0,(anonymous_0)
FNDA:0,(anonymous_1)
FNDA:8,(anonymous_2)
FNDA:0,(anonymous_3)
FNDA:0,(anonymous_4)
FNDA:0,(anonymous_5)
DA:5,12
DA:12,12
DA:17,0
DA:20,0
DA:21,0
DA:25,8
DA:26,0
DA:27,0
DA:28,0
DA:30,8
DA:33,0
DA:34,0
DA:35,0
DA:36,0
DA:40,8
DA:41,0
DA:42,0
DA:47,12
DA:48,12
LF:19
LH:7
BRDA:35,0,0,0
BRDA:35,0,1,0
BRF:2
BRH:0
end_of_record
TN:
SF:src\app\widgets\ScheduleTable\model\types\schedule.ts
FNF:0
FNH:0
LF:0
LH:0
BRF:0
BRH:0
end_of_record
TN:
SF:src\app\widgets\ScheduleTable\ui\ScheduleTable.tsx
FN:14,(anonymous_0)
FN:21,(anonymous_1)
FN:25,(anonymous_2)
FN:30,(anonymous_3)
FN:42,(anonymous_4)
FN:54,(anonymous_5)
FN:57,(anonymous_6)
FN:62,(anonymous_7)
FN:68,(anonymous_8)
FN:74,(anonymous_9)
FN:80,(anonymous_10)
FN:87,(anonymous_11)
FNF:12
FNH:0
FNDA:0,(anonymous_0)
FNDA:0,(anonymous_1)
FNDA:0,(anonymous_2)
FNDA:0,(anonymous_3)
FNDA:0,(anonymous_4)
FNDA:0,(anonymous_5)
FNDA:0,(anonymous_6)
FNDA:0,(anonymous_7)
FNDA:0,(anonymous_8)
FNDA:0,(anonymous_9)
FNDA:0,(anonymous_10)
FNDA:0,(anonymous_11)
DA:14,12
DA:15,0
DA:17,0
DA:18,0
DA:19,0
DA:21,0
DA:22,0
DA:25,0
DA:26,0
DA:28,0
DA:29,0
DA:30,0
DA:31,0
DA:32,0
DA:33,0
DA:36,0
DA:38,0
DA:39,0
DA:42,0
DA:43,0
DA:50,0
DA:54,0
DA:57,0
DA:62,0
DA:68,0
DA:74,0
DA:80,0
DA:88,0
LF:28
LH:1
BRDA:26,0,0,0
BRDA:26,0,1,0
BRDA:29,1,0,0
BRDA:29,1,1,0
BRDA:31,2,0,0
BRDA:31,2,1,0
BRDA:32,3,0,0
BRDA:32,3,1,0
BRDA:43,4,0,0
BRDA:43,4,1,0
BRF:10
BRH:0
end_of_record
TN:
SF:src\app\widgets\ScoringForm\model\selectors\getScoringSelectors.ts
FN:3,(anonymous_0)
FN:4,(anonymous_1)
FN:5,(anonymous_2)
FNF:3
FNH:3
FNDA:1,(anonymous_0)
FNDA:1,(anonymous_1)
FNDA:1,(anonymous_2)
DA:3,9
DA:4,9
DA:5,9
LF:3
LH:3
BRF:0
BRH:0
end_of_record
TN:
SF:src\app\widgets\ScoringForm\model\services\finishRegistration\finishRegistration.ts
FN:11,(anonymous_0)
FNF:1
FNH:1
FNDA:2,(anonymous_0)
DA:7,9
DA:12,2
DA:13,2
DA:15,2
DA:16,2
DA:21,2
DA:22,1
DA:25,1
DA:27,1
LF:9
LH:9
BRDA:21,0,0,1
BRDA:21,0,1,1
BRDA:21,1,0,2
BRDA:21,1,1,2
BRF:4
BRH:4
end_of_record
TN:
SF:src\app\widgets\ScoringForm\model\slice\scoringSlice.ts
FN:14,(anonymous_0)
FN:18,(anonymous_1)
FN:19,(anonymous_2)
FN:23,(anonymous_3)
FN:26,(anonymous_4)
FNF:5
FNH:1
FNDA:0,(anonymous_0)
FNDA:8,(anonymous_1)
FNDA:0,(anonymous_2)
FNDA:0,(anonymous_3)
FNDA:0,(anonymous_4)
DA:5,8
DA:10,8
DA:15,0
DA:19,8
DA:20,0
DA:21,0
DA:23,8
DA:24,0
DA:26,8
DA:27,0
DA:28,0
DA:33,8
DA:34,8
LF:13
LH:7
BRF:0
BRH:0
end_of_record
TN:
SF:src\app\widgets\ScoringForm\model\types\scoring.ts
FNF:0
FNH:0
LF:0
LH:0
BRF:0
BRH:0
end_of_record
TN:
SF:src\app\widgets\ScoringForm\model\types\scoringSchema.ts
FNF:0
FNH:0
LF:0
LH:0
BRF:0
BRH:0
end_of_record
TN:
SF:src\app\widgets\ScoringForm\ui\ScoringForm.tsx
FN:12,(anonymous_0)
FN:94,(anonymous_1)
FNF:2
FNH:2
FNDA:18,(anonymous_0)
FNDA:3,(anonymous_1)
DA:12,8
DA:13,18
DA:18,18
DA:25,18
DA:94,3
LF:5
LH:5
BRF:0
BRH:0
end_of_record
TN:
SF:src\app\widgets\SigningDocs\ui\SigningDocs.tsx
FN:10,(anonymous_0)
FN:15,(anonymous_1)
FN:21,(anonymous_2)
FN:22,(anonymous_3)
FNF:4
FNH:0
FNDA:0,(anonymous_0)
FNDA:0,(anonymous_1)
FNDA:0,(anonymous_2)
FNDA:0,(anonymous_3)
DA:10,0
DA:11,0
DA:12,0
DA:13,0
DA:15,0
DA:16,0
DA:17,0
DA:21,0
DA:22,0
DA:25,0
LF:10
LH:0
BRDA:16,0,0,0
BRDA:16,0,1,0
BRF:2
BRH:0
end_of_record
TN:
SF:src\app\widgets\Suggestion\Suggestion.tsx
FN:33,(anonymous_0)
FN:37,(anonymous_1)
FN:62,(anonymous_2)
FN:79,(anonymous_3)
FNF:4
FNH:0
FNDA:0,(anonymous_0)
FNDA:0,(anonymous_1)
FNDA:0,(anonymous_2)
FNDA:0,(anonymous_3)
DA:15,0
DA:33,0
DA:34,0
DA:35,0
DA:37,0
DA:38,0
DA:39,0
DA:40,0
DA:41,0
DA:42,0
DA:43,0
DA:46,0
DA:63,0
DA:79,0
LF:14
LH:0
BRDA:38,0,0,0
BRDA:38,0,1,0
BRDA:39,1,0,0
BRDA:39,1,1,0
BRDA:40,2,0,0
BRDA:40,2,1,0
BRDA:41,3,0,0
BRDA:41,3,1,0
BRDA:42,4,0,0
BRDA:42,4,1,0
BRDA:71,5,0,0
BRDA:71,5,1,0
BRDA:81,6,0,0
BRDA:81,6,1,0
BRDA:82,7,0,0
BRDA:82,7,1,0
BRF:16
BRH:0
end_of_record
TN:
SF:src\app\widgets\Support\Support.tsx
FN:18,(anonymous_0)
FN:33,(anonymous_1)
FN:47,(anonymous_2)
FNF:3
FNH:3
FNDA:3,(anonymous_0)
FNDA:12,(anonymous_1)
FNDA:3,(anonymous_2)
DA:18,1
DA:24,3
DA:26,3
DA:27,1
DA:29,1
DA:33,1
DA:34,12
DA:37,12
DA:38,12
DA:45,12
DA:47,12
DA:48,3
DA:50,3
DA:51,3
DA:52,3
DA:62,1
DA:63,1
DA:64,1
DA:66,1
DA:68,1
DA:70,2
DA:75,12
LF:22
LH:22
BRDA:26,0,0,0
BRDA:26,0,1,3
BRDA:62,1,0,1
BRDA:62,1,1,0
BRDA:82,2,0,2
BRDA:82,2,1,10
BRDA:86,3,0,3
BRDA:86,3,1,7
BRDA:88,4,0,1
BRDA:88,4,1,6
BRDA:113,5,0,6
BRDA:113,5,1,1
BRDA:114,6,0,1
BRDA:114,6,1,0
BRF:14
BRH:11
end_of_record
TN:
SF:src\common\api\mainApi.ts
FNF:0
FNH:0
DA:4,17
LF:1
LH:1
BRF:0
BRH:0
end_of_record
TN:
SF:src\common\const\api.ts
FNF:0
FNH:0
DA:1,18
DA:2,18
DA:4,18
DA:5,18
DA:7,18
LF:5
LH:5
BRF:0
BRH:0
end_of_record
TN:
SF:src\common\const\localstorage.ts
FNF:0
FNH:0
DA:1,15
DA:2,15
DA:3,15
LF:3
LH:3
BRF:0
BRH:0
end_of_record
TN:
SF:src\common\const\regex.ts
FNF:0
FNH:0
DA:1,8
LF:1
LH:1
BRF:0
BRH:0
end_of_record
TN:
SF:src\common\const\routes.ts
FN:1,(anonymous_0)
FN:2,(anonymous_1)
FN:3,(anonymous_2)
FN:5,(anonymous_3)
FN:6,(anonymous_4)
FN:7,(anonymous_5)
FN:8,(anonymous_6)
FN:10,(anonymous_7)
FN:11,(anonymous_8)
FN:12,(anonymous_9)
FN:13,(anonymous_10)
FN:15,(anonymous_11)
FN:16,(anonymous_12)
FN:17,(anonymous_13)
FN:18,(anonymous_14)
FNF:15
FNH:0
FNDA:0,(anonymous_0)
FNDA:0,(anonymous_1)
FNDA:0,(anonymous_2)
FNDA:0,(anonymous_3)
FNDA:0,(anonymous_4)
FNDA:0,(anonymous_5)
FNDA:0,(anonymous_6)
FNDA:0,(anonymous_7)
FNDA:0,(anonymous_8)
FNDA:0,(anonymous_9)
FNDA:0,(anonymous_10)
FNDA:0,(anonymous_11)
FNDA:0,(anonymous_12)
FNDA:0,(anonymous_13)
FNDA:0,(anonymous_14)
DA:1,12
DA:2,12
DA:3,12
DA:5,12
DA:6,12
DA:7,12
DA:8,12
DA:10,12
DA:11,12
DA:12,12
DA:13,12
DA:15,12
DA:16,12
DA:17,12
DA:18,12
LF:15
LH:15
BRF:0
BRH:0
end_of_record
TN:
SF:src\common\const\style.ts
FNF:0
FNH:0
DA:3,13
LF:1
LH:1
BRF:0
BRH:0
end_of_record
TN:
SF:src\common\lib\classNames\classNames.ts
FN:3,(anonymous_0)
FN:11,(anonymous_1)
FN:12,(anonymous_2)
FNF:3
FNH:3
FNDA:993,(anonymous_0)
FNDA:949,(anonymous_1)
FNDA:230,(anonymous_2)
DA:3,14
DA:8,993
DA:11,949
DA:12,230
LF:4
LH:4
BRDA:5,0,0,111
BRDA:6,1,0,475
BRF:2
BRH:2
end_of_record
TN:
SF:src\common\lib\errorHandler\errorHandler.ts
FN:3,(anonymous_0)
FNF:1
FNH:1
FNDA:7,(anonymous_0)
DA:3,16
DA:4,7
DA:5,7
DA:7,0
LF:4
LH:3
BRDA:4,0,0,7
BRDA:4,0,1,0
BRDA:4,1,0,7
BRDA:4,1,1,7
BRF:4
BRH:3
end_of_record
TN:
SF:src\common\lib\hooks\useAppDispatch.ts
FN:4,(anonymous_0)
FNF:1
FNH:1
FNDA:29,(anonymous_0)
DA:4,29
LF:1
LH:1
BRF:0
BRH:0
end_of_record
TN:
SF:src\common\lib\tests\TestAsyncThunk.ts
FN:13,(anonymous_0)
FN:19,(anonymous_1)
FNF:2
FNH:2
FNDA:16,(anonymous_0)
FNDA:16,(anonymous_1)
DA:14,16
DA:15,16
DA:16,16
DA:20,16
DA:21,16
DA:23,16
LF:6
LH:6
BRF:0
BRH:0
end_of_record
TN:
SF:src\common\lib\tests\componentRender.tsx
FN:11,(anonymous_0)
FNF:1
FNH:1
FNDA:27,(anonymous_0)
DA:11,8
DA:15,27
DA:17,27
LF:3
LH:3
BRDA:13,0,0,8
BRDA:15,1,0,27
BRF:2
BRH:2
end_of_record
TN:
SF:src\common\lib\utils\formValidate.ts
FN:3,(anonymous_0)
FN:31,(anonymous_1)
FNF:2
FNH:2
FNDA:3,(anonymous_0)
FNDA:3,(anonymous_1)
DA:3,8
DA:4,3
DA:5,3
DA:6,3
DA:8,3
DA:9,3
DA:11,3
DA:12,3
DA:14,3
DA:15,102
DA:18,3
DA:20,3
DA:21,0
DA:24,3
DA:25,0
DA:28,3
DA:31,8
DA:32,3
DA:34,3
DA:36,3
DA:37,0
DA:40,3
DA:43,8
LF:23
LH:20
BRDA:3,0,0,3
BRDA:3,1,0,3
BRDA:4,2,0,3
BRDA:4,2,1,0
BRDA:15,3,0,27
BRDA:15,3,1,75
BRDA:20,4,0,0
BRDA:20,4,1,3
BRDA:24,5,0,0
BRDA:24,5,1,3
BRDA:32,6,0,3
BRDA:32,6,1,0
BRDA:36,7,0,0
BRDA:36,7,1,3
BRF:14
BRH:9
end_of_record
TN:
SF:src\common\lib\utils\loanStatus.ts
FN:5,(anonymous_0)
FN:9,(anonymous_1)
FN:13,(anonymous_2)
FN:17,(anonymous_3)
FN:21,(anonymous_4)
FN:25,(anonymous_5)
FN:29,(anonymous_6)
FNF:7
FNH:1
FNDA:0,(anonymous_0)
FNDA:0,(anonymous_1)
FNDA:0,(anonymous_2)
FNDA:0,(anonymous_3)
FNDA:0,(anonymous_4)
FNDA:12,(anonymous_5)
FNDA:0,(anonymous_6)
DA:5,15
DA:6,0
DA:9,15
DA:10,0
DA:13,15
DA:14,0
DA:17,15
DA:18,0
DA:21,15
DA:22,0
DA:25,15
DA:26,12
DA:29,15
DA:30,0
DA:33,15
LF:15
LH:9
BRF:0
BRH:0
end_of_record
TN:
SF:src\common\lib\utils\utils.ts
FN:1,(anonymous_0)
FN:12,(anonymous_1)
FN:17,(anonymous_2)
FN:21,(anonymous_3)
FN:25,(anonymous_4)
FN:29,(anonymous_5)
FN:32,(anonymous_6)
FN:37,(anonymous_7)
FN:43,(anonymous_8)
FN:52,(anonymous_9)
FN:61,(anonymous_10)
FN:67,(anonymous_11)
FN:70,(anonymous_12)
FN:74,(anonymous_13)
FN:77,(anonymous_14)
FN:80,(anonymous_15)
FN:84,(anonymous_16)
FN:88,(anonymous_17)
FNF:18
FNH:7
FNDA:0,(anonymous_0)
FNDA:12,(anonymous_1)
FNDA:40,(anonymous_2)
FNDA:5,(anonymous_3)
FNDA:40,(anonymous_4)
FNDA:3,(anonymous_5)
FNDA:0,(anonymous_6)
FNDA:102,(anonymous_7)
FNDA:0,(anonymous_8)
FNDA:6,(anonymous_9)
FNDA:0,(anonymous_10)
FNDA:0,(anonymous_11)
FNDA:0,(anonymous_12)
FNDA:0,(anonymous_13)
FNDA:0,(anonymous_14)
FNDA:0,(anonymous_15)
FNDA:0,(anonymous_16)
FNDA:0,(anonymous_17)
DA:1,16
DA:2,0
DA:3,0
DA:4,0
DA:5,0
DA:6,0
DA:8,0
DA:12,16
DA:13,12
DA:14,12
DA:17,16
DA:18,40
DA:21,16
DA:22,5
DA:25,16
DA:26,40
DA:29,16
DA:30,3
DA:32,16
DA:33,0
DA:34,0
DA:37,16
DA:38,102
DA:40,102
DA:43,16
DA:44,0
DA:45,0
DA:46,0
DA:47,0
DA:48,0
DA:49,0
DA:52,16
DA:53,6
DA:54,6
DA:55,6
DA:56,6
DA:57,6
DA:58,6
DA:61,16
DA:62,0
DA:63,0
DA:64,0
DA:67,16
DA:68,0
DA:69,0
DA:70,0
DA:74,16
DA:75,0
DA:77,0
DA:78,0
DA:80,0
DA:81,0
DA:84,0
DA:85,0
DA:86,0
DA:88,0
DA:89,0
DA:90,0
DA:92,0
LF:59
LH:27
BRDA:3,0,0,0
BRDA:3,0,1,0
BRDA:14,1,0,12
BRDA:14,1,1,0
BRF:4
BRH:1
end_of_record
TN:
SF:src\common\types\loan.ts
FNF:0
FNH:0
LF:0
LH:0
BRF:0
BRH:0
end_of_record
TN:
SF:src\common\types\style.ts
FNF:0
FNH:0
LF:0
LH:0
BRF:0
BRH:0
end_of_record
TN:
SF:src\common\ui\Accordion\Accordion\Accordion.tsx
FN:17,(anonymous_0)
FN:34,(anonymous_1)
FN:51,(anonymous_2)
FNF:3
FNH:0
FNDA:0,(anonymous_0)
FNDA:0,(anonymous_1)
FNDA:0,(anonymous_2)
DA:17,12
DA:27,0
DA:29,0
DA:31,0
DA:32,0
DA:34,0
DA:35,0
DA:38,0
DA:39,0
DA:41,0
LF:10
LH:1
BRDA:25,0,0,0
BRDA:35,1,0,0
BRDA:35,1,1,0
BRDA:50,2,0,0
BRDA:50,2,1,0
BRDA:59,3,0,0
BRDA:59,3,1,0
BRF:7
BRH:0
end_of_record
TN:
SF:src\common\ui\Accordion\AccordionList\AccordionList.tsx
FN:19,(anonymous_0)
FN:23,(anonymous_1)
FN:24,(anonymous_2)
FN:31,(anonymous_3)
FN:39,(anonymous_4)
FNF:5
FNH:0
FNDA:0,(anonymous_0)
FNDA:0,(anonymous_1)
FNDA:0,(anonymous_2)
FNDA:0,(anonymous_3)
FNDA:0,(anonymous_4)
DA:19,12
DA:20,0
DA:21,0
DA:23,0
DA:24,0
DA:27,0
DA:32,0
DA:39,0
LF:8
LH:1
BRDA:24,0,0,0
BRDA:24,0,1,0
BRDA:24,1,0,0
BRDA:24,1,1,0
BRDA:29,2,0,0
BRDA:29,2,1,0
BRF:6
BRH:0
end_of_record
TN:
SF:src\common\ui\AppLink\AppLink.tsx
FN:16,(anonymous_0)
FNF:1
FNH:0
FNDA:0,(anonymous_0)
DA:16,12
DA:17,0
DA:19,0
DA:21,0
LF:4
LH:1
BRDA:23,0,0,0
BRDA:23,0,1,0
BRDA:25,1,0,0
BRDA:25,1,1,0
BRDA:26,2,0,0
BRDA:26,2,1,0
BRF:6
BRH:0
end_of_record
TN:
SF:src\common\ui\AppLink\AppLink.types.ts
FNF:0
FNH:0
DA:3,12
LF:1
LH:1
BRF:0
BRH:0
end_of_record
TN:
SF:src\common\ui\Button\Button.tsx
FN:16,(anonymous_0)
FNF:1
FNH:1
FNDA:16,(anonymous_0)
DA:16,13
DA:26,16
DA:28,16
LF:3
LH:3
BRDA:23,0,0,10
BRDA:24,1,0,12
BRDA:31,2,0,16
BRDA:31,2,1,16
BRDA:32,3,0,16
BRDA:32,3,1,0
BRF:6
BRH:5
end_of_record
TN:
SF:src\common\ui\Button\Button.types.ts
FNF:0
FNH:0
DA:3,13
LF:1
LH:1
BRF:0
BRH:0
end_of_record
TN:
SF:src\common\ui\Checkbox\Checkbox.tsx
FN:13,(anonymous_0)
FN:16,(anonymous_1)
FNF:2
FNH:0
FNDA:0,(anonymous_0)
FNDA:0,(anonymous_1)
DA:13,12
DA:14,0
DA:16,0
DA:17,0
DA:20,0
LF:5
LH:1
BRF:0
BRH:0
end_of_record
TN:
SF:src\common\ui\Divider\Divider\Divider.tsx
FN:7,(anonymous_0)
FNF:1
FNH:0
FNDA:0,(anonymous_0)
DA:7,12
DA:8,0
DA:10,0
LF:3
LH:1
BRF:0
BRH:0
end_of_record
TN:
SF:src\common\ui\Divider\DividerList\DividerList.tsx
FN:10,(anonymous_0)
FN:15,(anonymous_1)
FNF:2
FNH:0
FNDA:0,(anonymous_0)
FNDA:0,(anonymous_1)
DA:10,12
DA:11,0
DA:13,0
DA:16,0
LF:4
LH:1
BRF:0
BRH:0
end_of_record
TN:
SF:src\common\ui\ErrorMessage\ErrorMessage.tsx
FN:13,(anonymous_0)
FNF:1
FNH:0
FNDA:0,(anonymous_0)
DA:13,12
DA:14,0
DA:16,0
LF:3
LH:1
BRDA:14,0,0,0
BRF:1
BRH:0
end_of_record
TN:
SF:src\common\ui\InfoMessage\InfoMessage.tsx
FN:12,(anonymous_0)
FNF:1
FNH:0
FNDA:0,(anonymous_0)
DA:12,12
DA:13,0
DA:15,0
LF:3
LH:1
BRF:0
BRH:0
end_of_record
TN:
SF:src\common\ui\Input\Input\Input.tsx
FN:17,(anonymous_0)
FNF:1
FNH:1
FNDA:248,(anonymous_0)
DA:16,12
DA:28,248
DA:30,248
DA:37,248
LF:4
LH:4
BRDA:26,0,0,210
BRDA:31,1,0,248
BRDA:31,1,1,24
BRDA:34,2,0,248
BRDA:34,2,1,38
BRDA:34,2,2,4
BRDA:34,2,3,246
BRDA:34,2,4,111
BRDA:51,3,0,248
BRDA:51,3,1,111
BRDA:51,3,2,106
BRDA:54,4,0,248
BRDA:54,4,1,24
BRDA:54,4,2,12
BRDA:58,5,0,248
BRDA:58,5,1,17
BRDA:58,5,2,12
BRF:17
BRH:17
end_of_record
TN:
SF:src\common\ui\Input\InputAmount\InputAmount.tsx
FN:11,(anonymous_0)
FNF:1
FNH:1
FNDA:40,(anonymous_0)
DA:10,12
DA:12,40
DA:14,40
LF:3
LH:3
BRF:0
BRH:0
end_of_record
TN:
SF:src\common\ui\Input\InputPin\InputPin.tsx
FN:14,(anonymous_0)
FN:20,(anonymous_1)
FN:24,(anonymous_2)
FN:35,(anonymous_3)
FN:43,(anonymous_4)
FN:50,(anonymous_5)
FN:59,(anonymous_6)
FNF:7
FNH:0
FNDA:0,(anonymous_0)
FNDA:0,(anonymous_1)
FNDA:0,(anonymous_2)
FNDA:0,(anonymous_3)
FNDA:0,(anonymous_4)
FNDA:0,(anonymous_5)
FNDA:0,(anonymous_6)
DA:12,12
DA:14,12
DA:15,0
DA:16,0
DA:17,0
DA:18,0
DA:20,0
DA:21,0
DA:24,0
DA:25,0
DA:26,0
DA:27,0
DA:29,0
DA:30,0
DA:32,0
DA:35,0
DA:39,0
DA:40,0
DA:43,0
DA:44,0
DA:47,0
DA:51,0
DA:59,0
LF:23
LH:2
BRDA:15,0,0,0
BRDA:29,1,0,0
BRDA:29,1,1,0
BRDA:40,2,0,0
BRDA:40,2,1,0
BRDA:52,3,0,0
BRDA:52,3,1,0
BRDA:64,4,0,0
BRDA:64,4,1,0
BRF:9
BRH:0
end_of_record
TN:
SF:src\common\ui\Input\InputRange\InputRange.tsx
FN:11,(anonymous_0)
FNF:1
FNH:1
FNDA:20,(anonymous_0)
DA:10,12
DA:12,20
DA:14,20
DA:16,20
LF:4
LH:4
BRDA:30,0,0,20
BRDA:30,0,1,20
BRDA:30,0,2,20
BRDA:33,1,0,20
BRDA:33,1,1,20
BRDA:33,1,2,20
BRF:6
BRH:6
end_of_record
TN:
SF:src\common\ui\Label\Label.tsx
FN:11,(anonymous_0)
FNF:1
FNH:1
FNDA:60,(anonymous_0)
DA:11,12
DA:12,60
DA:14,60
DA:16,60
LF:4
LH:4
BRF:0
BRH:0
end_of_record
TN:
SF:src\common\ui\Loader\Loader.tsx
FN:3,(anonymous_0)
FNF:1
FNH:1
FNDA:3,(anonymous_0)
DA:3,13
DA:4,3
LF:2
LH:2
BRF:0
BRH:0
end_of_record
TN:
SF:src\common\ui\Modal\Modal.tsx
FN:19,(anonymous_0)
FN:25,(anonymous_1)
FN:28,(anonymous_2)
FN:34,(anonymous_3)
FN:40,(anonymous_4)
FN:46,(anonymous_5)
FN:52,(anonymous_6)
FN:55,(anonymous_7)
FNF:8
FNH:0
FNDA:0,(anonymous_0)
FNDA:0,(anonymous_1)
FNDA:0,(anonymous_2)
FNDA:0,(anonymous_3)
FNDA:0,(anonymous_4)
FNDA:0,(anonymous_5)
FNDA:0,(anonymous_6)
FNDA:0,(anonymous_7)
DA:16,12
DA:18,12
DA:20,0
DA:21,0
DA:22,0
DA:23,0
DA:25,0
DA:26,0
DA:27,0
DA:28,0
DA:29,0
DA:34,0
DA:35,0
DA:36,0
DA:37,0
DA:40,0
DA:41,0
DA:42,0
DA:46,0
DA:47,0
DA:48,0
DA:52,0
DA:53,0
DA:54,0
DA:55,0
DA:56,0
DA:57,0
DA:58,0
DA:63,0
DA:68,0
DA:69,0
DA:72,0
LF:32
LH:2
BRDA:26,0,0,0
BRDA:26,0,1,0
BRDA:35,1,0,0
BRDA:35,1,1,0
BRDA:47,2,0,0
BRDA:47,2,1,0
BRDA:53,3,0,0
BRDA:53,3,1,0
BRDA:68,4,0,0
BRDA:68,4,1,0
BRDA:68,5,0,0
BRDA:68,5,1,0
BRDA:78,6,0,0
BRDA:78,6,1,0
BRF:14
BRH:0
end_of_record
TN:
SF:src\common\ui\Portal\Portal.tsx
FN:9,(anonymous_0)
FNF:1
FNH:0
FNDA:0,(anonymous_0)
DA:9,12
DA:10,0
DA:12,0
LF:3
LH:1
BRDA:10,0,0,0
BRF:1
BRH:0
end_of_record
TN:
SF:src\common\ui\Select\Select.tsx
FN:22,(anonymous_0)
FN:36,(anonymous_1)
FN:37,(anonymous_2)
FNF:3
FNH:3
FNDA:110,(anonymous_0)
FNDA:110,(anonymous_1)
FNDA:422,(anonymous_2)
DA:21,12
DA:33,110
DA:35,110
DA:37,110
DA:38,422
DA:45,110
DA:47,110
DA:48,110
DA:71,0
LF:9
LH:8
BRDA:45,0,0,110
BRDA:45,0,1,10
BRDA:47,1,0,110
BRDA:47,1,1,0
BRDA:61,2,0,110
BRDA:61,2,1,90
BRDA:66,3,0,110
BRDA:66,3,1,5
BRDA:66,3,2,5
BRDA:80,4,0,0
BRDA:80,4,1,0
BRDA:84,5,0,0
BRDA:84,5,1,0
BRDA:84,5,2,0
BRF:14
BRH:8
end_of_record
TN:
SF:src\common\ui\Skeleton\Skeleton.tsx
FN:12,(anonymous_0)
FNF:1
FNH:0
FNDA:0,(anonymous_0)
DA:12,12
DA:13,0
DA:15,0
DA:20,0
LF:4
LH:1
BRF:0
BRH:0
end_of_record
TN:
SF:src\common\ui\Tabs\Tabs.tsx
FN:13,(anonymous_0)
FN:18,(anonymous_1)
FN:26,(anonymous_2)
FNF:3
FNH:0
FNDA:0,(anonymous_0)
FNDA:0,(anonymous_1)
FNDA:0,(anonymous_2)
DA:13,12
DA:14,0
DA:16,0
DA:19,0
DA:21,0
DA:26,0
LF:6
LH:1
BRF:0
BRH:0
end_of_record
TN:
SF:src\common\ui\Tooltip\Tooltip.tsx
FN:12,(anonymous_0)
FN:17,(anonymous_1)
FN:18,(anonymous_2)
FN:21,(anonymous_3)
FNF:4
FNH:0
FNDA:0,(anonymous_0)
FNDA:0,(anonymous_1)
FNDA:0,(anonymous_2)
FNDA:0,(anonymous_3)
DA:5,12
DA:12,12
DA:13,0
DA:14,0
DA:15,0
DA:17,0
DA:18,0
DA:21,0
DA:22,0
DA:23,0
DA:26,0
DA:28,0
LF:12
LH:2
BRF:0
BRH:0
end_of_record
TN:
SF:src\store\slices\currencySlice.ts
FN:30,(anonymous_0)
FN:36,(anonymous_1)
FN:53,(anonymous_2)
FN:55,(anonymous_3)
FN:61,(anonymous_4)
FN:68,(anonymous_5)
FNF:6
FNH:1
FNDA:0,(anonymous_0)
FNDA:0,(anonymous_1)
FNDA:8,(anonymous_2)
FNDA:0,(anonymous_3)
FNDA:0,(anonymous_4)
FNDA:0,(anonymous_5)
DA:4,8
DA:5,8
DA:18,8
DA:24,8
DA:31,0
DA:32,0
DA:33,0
DA:34,0
DA:36,0
DA:41,0
DA:42,0
DA:44,0
DA:49,8
DA:54,8
DA:56,0
DA:57,0
DA:62,0
DA:63,0
DA:69,0
DA:70,0
LF:20
LH:6
BRDA:38,0,0,0
BRDA:38,0,1,0
BRDA:41,1,0,0
BRDA:41,1,1,0
BRDA:41,2,0,0
BRDA:41,2,1,0
BRDA:70,3,0,0
BRDA:70,3,1,0
BRF:8
BRH:0
end_of_record
TN:
SF:src\store\slices\newsSlice.ts
FN:35,(anonymous_0)
FN:41,(anonymous_1)
FN:53,(anonymous_2)
FN:55,(anonymous_3)
FN:59,(anonymous_4)
FN:63,(anonymous_5)
FNF:6
FNH:1
FNDA:0,(anonymous_0)
FNDA:0,(anonymous_1)
FNDA:8,(anonymous_2)
FNDA:0,(anonymous_3)
FNDA:0,(anonymous_4)
FNDA:0,(anonymous_5)
DA:4,8
DA:5,8
DA:27,8
DA:33,8
DA:36,0
DA:37,0
DA:39,0
DA:40,0
DA:41,0
DA:44,0
DA:49,8
DA:54,8
DA:56,0
DA:57,0
DA:60,0
DA:61,0
DA:64,0
DA:65,0
LF:18
LH:6
BRDA:41,0,0,0
BRDA:41,0,1,0
BRDA:41,1,0,0
BRDA:41,1,1,0
BRF:4
BRH:0
end_of_record
